<?xml version="1.0" encoding="UTF-8"?>
<testsuite name="eCommerce" tests="17" skipped="0" failures="0" errors="0" timestamp="2022-12-10T21:56:25" hostname="LAPTOP-BS5MJ7K4" time="52.748">
  <properties/>
  <testcase name="Test case: Crear un anuncio." classname="eCommerce" time="5.577"/>
  <testcase name="Test case:Eliminar una direcciÃ³n." classname="eCommerce" time="3.486"/>
  <testcase name="Test case: Obtener listado  de categorias." classname="eCommerce" time="0.274"/>
  <testcase name="Test case: Validar el filtrado de categorias." classname="eCommerce" time="0.218"/>
  <testcase name="Test case: Crear una direcciÃ³n." classname="eCommerce" time="2.428"/>
  <testcase name="Test case: Crear un usuario." classname="eCommerce" time="1.037"/>
  <testcase name="Test case: Eliminar un anuncio sin autorizaciÃ³n." classname="eCommerce" time="6.119"/>
  <testcase name="Test case: Ver anuncio despuÃ©s de la creaciÃ³n." classname="eCommerce" time="3.96"/>
  <testcase name="Test case: Ver anuncio despuÃ©s de la ediciÃ³n." classname="eCommerce" time="7.883"/>
  <testcase name="Test case: Editar una direcciÃ³n existente." classname="eCommerce" time="3.566"/>
  <testcase name="Test case: Editar un usuario No Existente." classname="eCommerce" time="1.192"/>
  <testcase name="Test case: Editar un anuncio existente." classname="eCommerce" time="6.288"/>
  <testcase name="Test case: Editar una direcciÃ³n no existente." classname="eCommerce" time="2.058"/>
  <testcase name="Test case: Obtener informacion del usuario." classname="eCommerce" time="1.687"/>
  <testcase name="Test case: Editar un usuario." classname="eCommerce" time="1.939"/>
  <testcase name="Test case: Listado de anuncios." classname="eCommerce" time="0.395"/>
  <testcase name="Test case: Consultar si el anuncio fue publicado ." classname="eCommerce" time="4.594"/>
  <system-out><![CDATA[Request method:	POST
Request URI:	https://webapi.segundamano.mx/nga/api/v1.1/private/accounts?lang=es
Proxy:			<none>
Request params:	<none>
Query params:	lang=es
Form params:	<none>
Path params:	<none>
Headers:		Authorization=Basic dmVudGFzXzQ1MEBtYWlsaW5hdG9yLmNvbToxMjM0NQ==
				Accept=*/*
				Content-Type=application/json
Cookies:		<none>
Multiparts:		<none>
Body:
{
    "account": {
        "email": "ventas_450@mailinator.com"
    }
}
Account_ID: /private/accounts/12788464
Token en la prueba crear anuncio mc1xa470900eb007e25e766155e92c6d0eb98d858e0d_v2
Request method:	POST
Request URI:	https://webapi.segundamano.mx/v2/accounts/f84283fa-cee3-4b19-9b13-15c784694a64/up
Proxy:			<none>
Request params:	<none>
Query params:	<none>
Form params:	<none>
Path params:	<none>
Headers:		x-source=PHOENIX_DESKTOP
				Accept=*/*
				Authorization=Basic Zjg0MjgzZmEtY2VlMy00YjE5LTliMTMtMTVjNzg0Njk0YTY0Om1jMXhhNDcwOTAwZWIwMDdlMjVlNzY2MTU1ZTkyYzZkMGViOThkODU4ZTBkX3Yy
				Content-Type=application/json
Cookies:		<none>
Multiparts:		<none>
Body:
{
    "images": "2500130844.jpg",
    "category": "4100",
    "subject": "Tasty compro estampillas para colecciÃ³n",
    "body": "Compra y venta e intercambio de estampillas para colecciÃ³n.",
    "is_new": "0",
    "region": "12",
    "municipality": "323",
    "area": "42205",
    "price": "559",
    "phone_hidden": "true",
    "show_phone": "false",
    "contact_phone": "408-859-6668"
}
{
    "data": {
        "ad": {
            "ad_id": "75091049",
            "subject": "Tasty compro estampillas para colecciÃ³n",
            "category": {
                "code": "4100",
                "label": "Coleccionismo",
                "parent": {
                    "code": "4000",
                    "label": "Tiempo libre"
                }
            },
            "region": {
                "code": "12",
                "label": "Durango"
            },
            "municipality": {
                "code": "323",
                "label": "El Oro"
            },
            "area": {
                "code": "42205",
                "label": "El Calvario"
            },
            "price": {
                "currency": "MXN",
                "value": 559
            },
            "thumbnail": {
                "base_url": "https://img.segundamano.mx",
                "path": "25/2500130844.jpg"
            }
        },
        "payment_info": {
            "payment_required": false,
            "title": "¡Vende más rápido con los Productos Premium!",
            "description": "Elige la opción que mejor se ajuste a tus necesidades",
            "products": [
                {
                    "id": "serv_free",
                    "name": "Anuncio básico",
                    "label": "Anuncio con exposición regular, tendrás menos visitas",
                    "description": "Anuncio con exposición regular, tendrás menos visitas",
                    "price": 0,
                    "most_popular": false,
                    "active": true,
                    "payment_methods": [
                        "pay_method_tokens"
                    ]
                },
                {
                    "id": "serv_daily",
                    "name": "Subir Diario",
                    "label": "Recibe hasta 5 veces más contactos en 7 días",
                    "description": "",
                    "price": 120,
                    "credits": 120,
                    "most_popular": false,
                    "active": true,
                    "payment_methods": [
                        "pay_method_paypal",
                        "pay_method_oxxo",
                        "pay_method_credit",
                        "pay_method_points"
                    ]
                },
                {
                    "id": "serv_premiumpackage_2",
                    "name": "Subir diario y Posición principal",
                    "label": "Recibe hasta 12 veces más contactos",
                    "description": "Sube tu anuncio todos los días durante 7 días y pon tu anuncio en la primera posición durante 3 días",
                    "price": 220,
                    "credits": 220,
                    "most_popular": true,
                    "active": true,
                    "tag": {
                        "slug": "tag_recommended",
                        "name": "RECOMENDADO"
                    },
                    "payment_methods": [
                        "pay_method_paypal",
                        "pay_method_oxxo",
                        "pay_method_credit",
                        "pay_method_points"
                    ]
                }
            ]
        }
    }
}
status response: 200
Tiempo respuesta: 2720
Request method:	POST
Request URI:	https://webapi.segundamano.mx/nga/api/v1.1/private/accounts?lang=es
Proxy:			<none>
Request params:	<none>
Query params:	lang=es
Form params:	<none>
Path params:	<none>
Headers:		Authorization=Basic dmVudGFzXzQ1MEBtYWlsaW5hdG9yLmNvbToxMjM0NQ==
				Accept=*/*
				Content-Type=application/json
Cookies:		<none>
Multiparts:		<none>
Body:
{
    "account": {
        "email": "ventas_450@mailinator.com"
    }
}
Account_ID: /private/accounts/12788464
Request method:	POST
Request URI:	https://webapi.segundamano.mx/nga/api/v1.1/private/accounts?lang=es
Proxy:			<none>
Request params:	<none>
Query params:	lang=es
Form params:	<none>
Path params:	<none>
Headers:		Authorization=Basic dmVudGFzXzQ1MEBtYWlsaW5hdG9yLmNvbToxMjM0NQ==
				Accept=*/*
				Content-Type=application/json
Cookies:		<none>
Multiparts:		<none>
Body:
{
    "account": {
        "email": "ventas_450@mailinator.com"
    }
}
Account_ID: /private/accounts/12788464
Request method:	POST
Request URI:	https://webapi.segundamano.mx/addresses/v1/create
Proxy:			<none>
Request params:	<none>
Query params:	<none>
Form params:	contact=Lakendra Terry
				phone=9878675654
				rfc=XAXX010101000
				zipCode=11011
				exteriorInfo=Morelia 4567
				interiorInfo=3
				region=11
				municipality=300
				area=8082
				alias=La casa test
Path params:	<none>
Headers:		Accept=*/*
				Authorization=Basic Zjg0MjgzZmEtY2VlMy00YjE5LTliMTMtMTVjNzg0Njk0YTY0Om1jMXgzYmRmODVkMmY3MWNmZWRmMzMyNDY2ZDU3NGRkMzRkNjRjNDZkYzNiX3Yy
				Content-Type=application/x-www-form-urlencoded; charset=ISO-8859-1
Cookies:		<none>
Multiparts:		<none>
Body:			<none>
{
    "addressID": "82dcd358-78d5-11ed-bb2c-476777bcb144"
}
status response: 201
Tiempo respuesta: 325
82dcd358-78d5-11ed-bb2c-476777bcb144
Request method:	DELETE
Request URI:	https://webapi.segundamano.mx/addresses/v1/delete/82dcd358-78d5-11ed-bb2c-476777bcb144
Proxy:			<none>
Request params:	<none>
Query params:	<none>
Form params:	<none>
Path params:	<none>
Headers:		Accept=*/*
				Authorization=Basic Zjg0MjgzZmEtY2VlMy00YjE5LTliMTMtMTVjNzg0Njk0YTY0Om1jMXgxYmNjOTdiZmU4ZDc2Y2RmNjEwMGJiOWRmOWQxODhlOGM3YmU2ODE5X3Yy
				Content-Type=application/x-www-form-urlencoded; charset=ISO-8859-1
Cookies:		<none>
Multiparts:		<none>
Body:			<none>
{
    "message": "82dcd358-78d5-11ed-bb2c-476777bcb144 deleted correctly"
}
status response: 200
Tiempo respuesta: 436
Request method:	GET
Request URI:	https://webapi.segundamano.mx/nga/api/v1.1/public/categories/filter?lang=es
Proxy:			<none>
Request params:	<none>
Query params:	lang=es
Form params:	<none>
Path params:	<none>
Headers:		Accept=*/*
Cookies:		<none>
Multiparts:		<none>
Body:			<none>
{
    "all_categories": {
        "color": "FFFFFF",
        "icon": "http://www.segundamano.mx/img/nga/todas_las_categorias.png",
        "label": "Todas las categorías"
    },
    "categories": [
        {
            "all_label": "Todas de la categoría",
            "categories": [
                {
                    "all_label": "Todas de la categoría",
                    "code": "1020",
                    "filter_value": {
                        "keys": [
                            "category"
                        ],
                        "values": [
                            "1020"
                        ]
                    },
                    "label": "Venta inmuebles"
                },
                {
                    "all_label": "Todas de la categoría",
                    "code": "1040",
                    "filter_value": {
                        "keys": [
                            "category"
                        ],
                        "values": [
                            "1040"
                        ]
                    },
                    "label": "Renta inmuebles"
                },
                {
                    "all_label": "Todas de la categoría",
                    "code": "1060",
                    "filter_value": {
                        "keys": [
                            "category"
                        ],
                        "values": [
                            "1060"
                        ]
                    },
                    "label": "Traspasos"
                },
                {
                    "all_label": "Todas de la categoría",
                    "code": "1080",
                    "filter_value": {
                        "keys": [
                            "category"
                        ],
                        "values": [
                            "1080"
                        ]
                    },
                    "label": "Rentas vacacionales"
                },
                {
                    "all_label": "Todas de la categoría",
                    "code": "1100",
                    "filter_value": {
                        "keys": [
                            "category"
                        ],
                        "values": [
                            "1100"
                        ]
                    },
                    "label": "Desarrollos inmobiliarios"
                }
            ],
            "code": "1000",
            "color": "FDE8DE",
            "filter_value": {
                "keys": [
                    "category"
                ],
                "values": [
                    "1000"
                ]
            },
            "icon": "http://www.segundamano.mx/img/nga/inmuebles.png",
            "label": "Inmuebles"
        },
        {
            "all_label": "Todas de la categoría",
            "categories": [
                {
                    "all_label": "Todas de la categoría",
                    "categories": [
                        {
                            "code": "2021",
                            "filter_value": {
                                "keys": [
                                    "category"
                                ],
                                "values": [
                                    "2021"
                                ]
                            },
                            "label": "Autos"
                        },
                        {
                            "code": "2022",
                            "filter_value": {
                                "keys": [
                                    "category"
                                ],
                                "values": [
                                    "2022"
                                ]
                            },
                            "label": "Suv, Jeep y Van"
                        },
                        {
                            "code": "2023",
                            "filter_value": {
                                "keys": [
                                    "category"
                                ],
                                "values": [
                                    "2023"
                                ]
                            },
                            "label": "Pick up"
                        }
                    ],
                    "code": "2020",
                    "filter_value": {
                        "keys": [
                            "category"
                        ],
                        "values": [
                            "2020"
                        ]
                    },
                    "label": "Automóviles y camionetas"
                },
                {
                    "all_label": "Todas de la categoría",
                    "code": "2040",
                    "filter_value": {
                        "keys": [
                            "category"
                        ],
                        "values": [
                            "2040"
                        ]
                    },
                    "label": "Motocicletas"
                },
                {
                    "all_label": "Todas de la categoría",
                    "categories": [
                        {
                            "code": "2121",
                            "filter_value": {
                                "keys": [
                                    "category"
                                ],
                                "values": [
                                    "2121"
                                ]
                            },
                            "label": "Autoestereos y sonido"
                        },
                        {
                            "code": "2122",
                            "filter_value": {
                                "keys": [
                                    "category"
                                ],
                                "values": [
                                    "2122"
                                ]
                            },
                            "label": "Refacciones y otras"
                        },
                        {
                            "code": "2123",
                            "filter_value": {
                                "keys": [
                                    "category"
                                ],
                                "values": [
                                    "2123"
                                ]
                            },
                            "label": "Rines y llantas"
                        },
                        {
                            "code": "2124",
                            "filter_value": {
                                "keys": [
                                    "category"
                                ],
                                "values": [
                                    "2124"
                                ]
                            },
                            "label": "Remolques y cajas secas"
                        }
                    ],
                    "code": "2120",
                    "filter_value": {
                        "keys": [
                            "category"
                        ],
                        "values": [
                            "2120"
                        ]
                    },
                    "label": "Accesorios y piezas"
                },
                {
                    "all_label": "Todas de la categoría",
                    "code": "2080",
                    "filter_value": {
                        "keys": [
                            "category"
                        ],
                        "values": [
                            "2080"
                        ]
                    },
                    "label": "Camiones, comerciales y casas rodantes"
                },
                {
                    "all_label": "Todas de la categoría",
                    "code": "2060",
                    "filter_value": {
                        "keys": [
                            "category"
                        ],
                        "values": [
                            "2060"
                        ]
                    },
                    "label": "Náutica y aéreos"
                }
            ],
            "code": "2000",
            "color": "E1E1E1",
            "filter_value": {
                "keys": [
                    "category"
                ],
                "values": [
                    "2000"
                ]
            },
            "icon": "http://www.segundamano.mx/img/nga/vehiculos.png",
            "label": "Vehículos"
        },
        {
            "all_label": "Todas de la categoría",
            "categories": [
                {
                    "all_label": "Todas de la categoría",
                    "categories": [
                        {
                            "code": "5041",
                            "filter_value": {
                                "keys": [
                                    "category"
                                ],
                                "values": [
                                    "5041"
                                ]
                            },
                            "label": "Telefonía"
                        },
                        {
                            "code": "5042",
                            "filter_value": {
                                "keys": [
                                    "category"
                                ],
                                "values": [
                                    "5042"
                                ]
                            },
                            "label": "Accesorios"
                        }
                    ],
                    "code": "5040",
                    "filter_value": {
                        "keys": [
                            "category"
                        ],
                        "values": [
                            "5040"
                        ]
                    },
                    "label": "Celulares y teléfonos"
                },
                {
                    "all_label": "Todas de la categoría",
                    "code": "5080",
                    "filter_value": {
                        "keys": [
                            "category"
                        ],
                        "values": [
                            "5080"
                        ]
                    },
                    "label": "Audio, tv, video y fotografía"
                },
                {
                    "all_label": "Todas de la categoría",
                    "categories": [
                        {
                            "code": "5021",
                            "filter_value": {
                                "keys": [
                                    "category"
                                ],
                                "values": [
                                    "5021"
                                ]
                            },
                            "label": "Laptops, PC y tabletas"
                        },
                        {
                            "code": "5022",
                            "filter_value": {
                                "keys": [
                                    "category"
                                ],
                                "values": [
                                    "5022"
                                ]
                            },
                            "label": "Accesorios, juegos y programas"
                        }
                    ],
                    "code": "5020",
                    "filter_value": {
                        "keys": [
                            "category"
                        ],
                        "values": [
                            "5020"
                        ]
                    },
                    "label": "Computadoras y accesorios"
                },
                {
                    "all_label": "Todas de la categoría",
                    "code": "5060",
                    "filter_value": {
                        "keys": [
                            "category"
                        ],
                        "values": [
                            "5060"
                        ]
                    },
                    "label": "Consolas y videojuegos"
                }
            ],
            "code": "5000",
            "color": "8ECBCD",
            "filter_value": {
                "keys": [
                    "category"
                ],
                "values": [
                    "5000"
                ]
            },
            "icon": "http://www.segundamano.mx/img/nga/computadoras_y_electronica.png",
            "label": "Computación y electrónica"
        },
        {
            "all_label": "Todas de la categoría",
            "categories": [
                {
                    "all_label": "Todas de la categoría",
                    "categories": [
                        {
                            "code": "3041",
                            "filter_value": {
                                "keys": [
                                    "category"
                                ],
                                "values": [
                                    "3041"
                                ]
                            },
                            "label": "Ventilación y calefacción"
                        },
                        {
                            "code": "3042",
                            "filter_value": {
                                "keys": [
                                    "category"
                                ],
                                "values": [
                                    "3042"
                                ]
                            },
                            "label": "Utensilios de cocina"
                        },
                        {
                            "code": "3043",
                            "filter_value": {
                                "keys": [
                                    "category"
                                ],
                                "values": [
                                    "3043"
                                ]
                            },
                            "label": "Electrodomésticos y línea blanca"
                        },
                        {
                            "code": "3044",
                            "filter_value": {
                                "keys": [
                                    "category"
                                ],
                                "values": [
                                    "3044"
                                ]
                            },
                            "label": "Blancos, organización y limpieza"
                        }
                    ],
                    "code": "3040",
                    "filter_value": {
                        "keys": [
                            "category"
                        ],
                        "values": [
                            "3040"
                        ]
                    },
                    "label": "Todo para tu casa"
                },
                {
                    "all_label": "Todas de la categoría",
                    "code": "3020",
                    "filter_value": {
                        "keys": [
                            "category"
                        ],
                        "values": [
                            "3020"
                        ]
                    },
                    "label": "Jardín, herramientas y exteriores"
                },
                {
                    "all_label": "Todas de la categoría",
                    "categories": [
                        {
                            "code": "3061",
                            "filter_value": {
                                "keys": [
                                    "category"
                                ],
                                "values": [
                                    "3061"
                                ]
                            },
                            "label": "Vestidos, faldas, trajes"
                        },
                        {
                            "code": "3062",
                            "filter_value": {
                                "keys": [
                                    "category"
                                ],
                                "values": [
                                    "3062"
                                ]
                            },
                            "label": "Zapatos"
                        },
                        {
                            "code": "3063",
                            "filter_value": {
                                "keys": [
                                    "category"
                                ],
                                "values": [
                                    "3063"
                                ]
                            },
                            "label": "Playeras y camisas"
                        },
                        {
                            "code": "3064",
                            "filter_value": {
                                "keys": [
                                    "category"
                                ],
                                "values": [
                                    "3064"
                                ]
                            },
                            "label": "Pantalones y shorts"
                        },
                        {
                            "code": "3065",
                            "filter_value": {
                                "keys": [
                                    "category"
                                ],
                                "values": [
                                    "3065"
                                ]
                            },
                            "label": "Sweaters, abrigos y chamarras"
                        },
                        {
                            "code": "3066",
                            "filter_value": {
                                "keys": [
                                    "category"
                                ],
                                "values": [
                                    "3066"
                                ]
                            },
                            "label": "Otras prendas de vestir"
                        }
                    ],
                    "code": "3060",
                    "filter_value": {
                        "keys": [
                            "category"
                        ],
                        "values": [
                            "3060"
                        ]
                    },
                    "label": "Ropa y calzado"
                },
                {
                    "all_label": "Todas de la categoría",
                    "categories": [
                        {
                            "code": "3101",
                            "filter_value": {
                                "keys": [
                                    "category"
                                ],
                                "values": [
                                    "3101"
                                ]
                            },
                            "label": "Ropa, calzado y accesorios"
                        },
                        {
                            "code": "3102",
                            "filter_value": {
                                "keys": [
                                    "category"
                                ],
                                "values": [
                                    "3102"
                                ]
                            },
                            "label": "Juguetes"
                        },
                        {
                            "code": "3103",
                            "filter_value": {
                                "keys": [
                                    "category"
                                ],
                                "values": [
                                    "3103"
                                ]
                            },
                            "label": "Sillas y carriolas"
                        },
                        {
                            "code": "3104",
                            "filter_value": {
                                "keys": [
                                    "category"
                                ],
                                "values": [
                                    "3104"
                                ]
                            },
                            "label": "Muebles y blancos"
                        },
                        {
                            "code": "3105",
                            "filter_value": {
                                "keys": [
                                    "category"
                                ],
                                "values": [
                                    "3105"
                                ]
                            },
                            "label": "Cuidado y nutrición"
                        }
                    ],
                    "code": "3100",
                    "filter_value": {
                        "keys": [
                            "category"
                        ],
                        "values": [
                            "3100"
                        ]
                    },
                    "label": "Bebés y niños"
                },
                {
                    "all_label": "Todas de la categoría",
                    "categories": [
                        {
                            "code": "3081",
                            "filter_value": {
                                "keys": [
                                    "category"
                                ],
                                "values": [
                                    "3081"
                                ]
                            },
                            "label": "Relojes"
                        },
                        {
                            "code": "3082",
                            "filter_value": {
                                "keys": [
                                    "category"
                                ],
                                "values": [
                                    "3082"
                                ]
                            },
                            "label": "Joyas y bisutería"
                        },
                        {
                            "code": "3083",
                            "filter_value": {
                                "keys": [
                                    "category"
                                ],
                                "values": [
                                    "3083"
                                ]
                            },
                            "label": "Bolsas, carteras y cinturones"
                        },
                        {
                            "code": "3084",
                            "filter_value": {
                                "keys": [
                                    "category"
                                ],
                                "values": [
                                    "3084"
                                ]
                            },
                            "label": "Lentes, gorras y otros accesorios"
                        }
                    ],
                    "code": "3080",
                    "filter_value": {
                        "keys": [
                            "category"
                        ],
                        "values": [
                            "3080"
                        ]
                    },
                    "label": "Accesorios y joyería"
                },
                {
                    "all_label": "Todas de la categoría",
                    "categories": [
                        {
                            "code": "3121",
                            "filter_value": {
                                "keys": [
                                    "category"
                                ],
                                "values": [
                                    "3121"
                                ]
                            },
                            "label": "Sala"
                        },
                        {
                            "code": "3122",
                            "filter_value": {
                                "keys": [
                                    "category"
                                ],
                                "values": [
                                    "3122"
                                ]
                            },
                            "label": "Recámara"
                        },
                        {
                            "code": "3123",
                            "filter_value": {
                                "keys": [
                                    "category"
                                ],
                                "values": [
                                    "3123"
                                ]
                            },
                            "label": "Comedor"
                        },
                        {
                            "code": "3124",
                            "filter_value": {
                                "keys": [
                                    "category"
                                ],
                                "values": [
                                    "3124"
                                ]
                            },
                            "label": "Artículos de decoración"
                        },
                        {
                            "code": "3125",
                            "filter_value": {
                                "keys": [
                                    "category"
                                ],
                                "values": [
                                    "3125"
                                ]
                            },
                            "label": "Otros muebles"
                        }
                    ],
                    "code": "3120",
                    "filter_value": {
                        "keys": [
                            "category"
                        ],
                        "values": [
                            "3120"
                        ]
                    },
                    "label": "Muebles y decoración"
                }
            ],
            "code": "3000",
            "color": "FDE8DE",
            "filter_value": {
                "keys": [
                    "category"
                ],
                "values": [
                    "3000"
                ]
            },
            "icon": "http://www.segundamano.mx/img/nga/tu_hogar_y_tu.png",
            "label": "Tu hogar y tú"
        },
        {
            "all_label": "Todas de la categoría",
            "categories": [
                {
                    "all_label": "Todas de la categoría",
                    "code": "6020",
                    "filter_value": {
                        "keys": [
                            "category"
                        ],
                        "values": [
                            "6020"
                        ]
                    },
                    "label": "Ofertas de empleo"
                },
                {
                    "all_label": "Todas de la categoría",
                    "code": "6040",
                    "filter_value": {
                        "keys": [
                            "category"
                        ],
                        "values": [
                            "6040"
                        ]
                    },
                    "label": "Busco empleo"
                },
                {
                    "all_label": "Todas de la categoría",
                    "code": "6060",
                    "filter_value": {
                        "keys": [
                            "category"
                        ],
                        "values": [
                            "6060"
                        ]
                    },
                    "label": "Educación"
                }
            ],
            "code": "6000",
            "color": "E1E1E1",
            "filter_value": {
                "keys": [
                    "category"
                ],
                "values": [
                    "6000"
                ]
            },
            "icon": "http://www.segundamano.mx/img/nga/empleo_y_educacion.png",
            "label": "Empleo y educación"
        },
        {
            "all_label": "Todas de la categoría",
            "categories": [
                {
                    "all_label": "Todas de la categoría",
                    "categories": [
                        {
                            "code": "4021",
                            "filter_value": {
                                "keys": [
                                    "category"
                                ],
                                "values": [
                                    "4021"
                                ]
                            },
                            "label": "Animales"
                        },
                        {
                            "code": "4022",
                            "filter_value": {
                                "keys": [
                                    "category"
                                ],
                                "values": [
                                    "4022"
                                ]
                            },
                            "label": "Accesorios, cuidado y nutrición"
                        }
                    ],
                    "code": "4020",
                    "filter_value": {
                        "keys": [
                            "category"
                        ],
                        "values": [
                            "4020"
                        ]
                    },
                    "label": "Animales y mascotas"
                },
                {
                    "all_label": "Todas de la categoría",
                    "categories": [
                        {
                            "code": "4041",
                            "filter_value": {
                                "keys": [
                                    "category"
                                ],
                                "values": [
                                    "4041"
                                ]
                            },
                            "label": "Ropa y calzado deportivo"
                        },
                        {
                            "code": "4042",
                            "filter_value": {
                                "keys": [
                                    "category"
                                ],
                                "values": [
                                    "4042"
                                ]
                            },
                            "label": "Equipo, accesorios y hobbies"
                        }
                    ],
                    "code": "4040",
                    "filter_value": {
                        "keys": [
                            "category"
                        ],
                        "values": [
                            "4040"
                        ]
                    },
                    "label": "Deportes y hobbies"
                },
                {
                    "all_label": "Todas de la categoría",
                    "code": "4060",
                    "filter_value": {
                        "keys": [
                            "category"
                        ],
                        "values": [
                            "4060"
                        ]
                    },
                    "label": "Instrumentos musicales"
                },
                {
                    "all_label": "Todas de la categoría",
                    "code": "4100",
                    "filter_value": {
                        "keys": [
                            "category"
                        ],
                        "values": [
                            "4100"
                        ]
                    },
                    "label": "Coleccionismo"
                },
                {
                    "all_label": "Todas de la categoría",
                    "code": "4080",
                    "filter_value": {
                        "keys": [
                            "category"
                        ],
                        "values": [
                            "4080"
                        ]
                    },
                    "label": "Música, libros y películas"
                },
                {
                    "all_label": "Todas de la categoría",
                    "code": "4120",
                    "filter_value": {
                        "keys": [
                            "category"
                        ],
                        "values": [
                            "4120"
                        ]
                    },
                    "label": "Salud y belleza"
                },
                {
                    "all_label": "Todas de la categoría",
                    "code": "4140",
                    "filter_value": {
                        "keys": [
                            "category"
                        ],
                        "values": [
                            "4140"
                        ]
                    },
                    "label": "Papelería, escolares y oficina"
                }
            ],
            "code": "4000",
            "color": "8ECBCD",
            "filter_value": {
                "keys": [
                    "category"
                ],
                "values": [
                    "4000"
                ]
            },
            "icon": "http://www.segundamano.mx/img/nga/tiempo_libre.png",
            "label": "Tiempo libre"
        },
        {
            "all_label": "Todas de la categoría",
            "categories": [
                {
                    "all_label": "Todas de la categoría",
                    "categories": [
                        {
                            "code": "8021",
                            "filter_value": {
                                "keys": [
                                    "category"
                                ],
                                "values": [
                                    "8021"
                                ]
                            },
                            "label": "Construcción"
                        },
                        {
                            "code": "8022",
                            "filter_value": {
                                "keys": [
                                    "category"
                                ],
                                "values": [
                                    "8022"
                                ]
                            },
                            "label": "Diseño"
                        },
                        {
                            "code": "8023",
                            "filter_value": {
                                "keys": [
                                    "category"
                                ],
                                "values": [
                                    "8023"
                                ]
                            },
                            "label": "Decoración de interiores"
                        },
                        {
                            "code": "8024",
                            "filter_value": {
                                "keys": [
                                    "category"
                                ],
                                "values": [
                                    "8024"
                                ]
                            },
                            "label": "Remodelaciones"
                        },
                        {
                            "code": "8025",
                            "filter_value": {
                                "keys": [
                                    "category"
                                ],
                                "values": [
                                    "8025"
                                ]
                            },
                            "label": "Jardinería"
                        },
                        {
                            "code": "8026",
                            "filter_value": {
                                "keys": [
                                    "category"
                                ],
                                "values": [
                                    "8026"
                                ]
                            },
                            "label": "Persianas y pisos"
                        },
                        {
                            "code": "8027",
                            "filter_value": {
                                "keys": [
                                    "category"
                                ],
                                "values": [
                                    "8027"
                                ]
                            },
                            "label": "Carpinteros"
                        },
                        {
                            "code": "8028",
                            "filter_value": {
                                "keys": [
                                    "category"
                                ],
                                "values": [
                                    "8028"
                                ]
                            },
                            "label": "Electricista"
                        },
                        {
                            "code": "8029",
                            "filter_value": {
                                "keys": [
                                    "category"
                                ],
                                "values": [
                                    "8029"
                                ]
                            },
                            "label": "Herrería"
                        },
                        {
                            "code": "8030",
                            "filter_value": {
                                "keys": [
                                    "category"
                                ],
                                "values": [
                                    "8030"
                                ]
                            },
                            "label": "Albañiles"
                        },
                        {
                            "code": "8031",
                            "filter_value": {
                                "keys": [
                                    "category"
                                ],
                                "values": [
                                    "8031"
                                ]
                            },
                            "label": "Plomero"
                        },
                        {
                            "code": "8032",
                            "filter_value": {
                                "keys": [
                                    "category"
                                ],
                                "values": [
                                    "8032"
                                ]
                            },
                            "label": "Pintor"
                        },
                        {
                            "code": "8033",
                            "filter_value": {
                                "keys": [
                                    "category"
                                ],
                                "values": [
                                    "8033"
                                ]
                            },
                            "label": "Limpieza"
                        },
                        {
                            "code": "8034",
                            "filter_value": {
                                "keys": [
                                    "category"
                                ],
                                "values": [
                                    "8034"
                                ]
                            },
                            "label": "Mantenimiento de Inmuebles"
                        }
                    ],
                    "code": "8020",
                    "filter_value": {
                        "keys": [
                            "category"
                        ],
                        "values": [
                            "8020"
                        ]
                    },
                    "label": "Remodelaciones y mantenimiento"
                },
                {
                    "all_label": "Todas de la categoría",
                    "categories": [
                        {
                            "code": "8041",
                            "filter_value": {
                                "keys": [
                                    "category"
                                ],
                                "values": [
                                    "8041"
                                ]
                            },
                            "label": "Arquitectos"
                        },
                        {
                            "code": "8042",
                            "filter_value": {
                                "keys": [
                                    "category"
                                ],
                                "values": [
                                    "8042"
                                ]
                            },
                            "label": "Abogados"
                        },
                        {
                            "code": "8043",
                            "filter_value": {
                                "keys": [
                                    "category"
                                ],
                                "values": [
                                    "8043"
                                ]
                            },
                            "label": "Contadores"
                        },
                        {
                            "code": "8044",
                            "filter_value": {
                                "keys": [
                                    "category"
                                ],
                                "values": [
                                    "8044"
                                ]
                            },
                            "label": "Administración"
                        },
                        {
                            "code": "8045",
                            "filter_value": {
                                "keys": [
                                    "category"
                                ],
                                "values": [
                                    "8045"
                                ]
                            },
                            "label": "Más profesionales"
                        }
                    ],
                    "code": "8040",
                    "filter_value": {
                        "keys": [
                            "category"
                        ],
                        "values": [
                            "8040"
                        ]
                    },
                    "label": "Profesionales"
                },
                {
                    "all_label": "Todas de la categoría",
                    "categories": [
                        {
                            "code": "8061",
                            "filter_value": {
                                "keys": [
                                    "category"
                                ],
                                "values": [
                                    "8061"
                                ]
                            },
                            "label": "Equipo ligero"
                        },
                        {
                            "code": "8062",
                            "filter_value": {
                                "keys": [
                                    "category"
                                ],
                                "values": [
                                    "8062"
                                ]
                            },
                            "label": "Grúas"
                        },
                        {
                            "code": "8063",
                            "filter_value": {
                                "keys": [
                                    "category"
                                ],
                                "values": [
                                    "8063"
                                ]
                            },
                            "label": "Maquinaria y equipo pesado"
                        }
                    ],
                    "code": "8060",
                    "filter_value": {
                        "keys": [
                            "category"
                        ],
                        "values": [
                            "8060"
                        ]
                    },
                    "label": "Renta de maquinaria y equipo"
                },
                {
                    "all_label": "Todas de la categoría",
                    "categories": [
                        {
                            "code": "8081",
                            "filter_value": {
                                "keys": [
                                    "category"
                                ],
                                "values": [
                                    "8081"
                                ]
                            },
                            "label": "Celulares"
                        },
                        {
                            "code": "8082",
                            "filter_value": {
                                "keys": [
                                    "category"
                                ],
                                "values": [
                                    "8082"
                                ]
                            },
                            "label": "Computadoras y laptops"
                        },
                        {
                            "code": "8083",
                            "filter_value": {
                                "keys": [
                                    "category"
                                ],
                                "values": [
                                    "8083"
                                ]
                            },
                            "label": "Línea Blanca"
                        },
                        {
                            "code": "8084",
                            "filter_value": {
                                "keys": [
                                    "category"
                                ],
                                "values": [
                                    "8084"
                                ]
                            },
                            "label": "Aire acondicionado"
                        },
                        {
                            "code": "8085",
                            "filter_value": {
                                "keys": [
                                    "category"
                                ],
                                "values": [
                                    "8085"
                                ]
                            },
                            "label": "Equipos industriales"
                        },
                        {
                            "code": "8086",
                            "filter_value": {
                                "keys": [
                                    "category"
                                ],
                                "values": [
                                    "8086"
                                ]
                            },
                            "label": "Otros equipos electrónicos"
                        }
                    ],
                    "code": "8080",
                    "filter_value": {
                        "keys": [
                            "category"
                        ],
                        "values": [
                            "8080"
                        ]
                    },
                    "label": "Reparación de equipo"
                },
                {
                    "all_label": "Todas de la categoría",
                    "code": "8100",
                    "filter_value": {
                        "keys": [
                            "category"
                        ],
                        "values": [
                            "8100"
                        ]
                    },
                    "label": "Internet y Comunicaciones"
                },
                {
                    "all_label": "Todas de la categoría",
                    "categories": [
                        {
                            "code": "8121",
                            "filter_value": {
                                "keys": [
                                    "category"
                                ],
                                "values": [
                                    "8121"
                                ]
                            },
                            "label": "Mudanzas y fletes"
                        },
                        {
                            "code": "8122",
                            "filter_value": {
                                "keys": [
                                    "category"
                                ],
                                "values": [
                                    "8122"
                                ]
                            },
                            "label": "Transporte de pasajeros"
                        }
                    ],
                    "code": "8120",
                    "filter_value": {
                        "keys": [
                            "category"
                        ],
                        "values": [
                            "8120"
                        ]
                    },
                    "label": "Transportes"
                },
                {
                    "all_label": "Todas de la categoría",
                    "categories": [
                        {
                            "code": "8141",
                            "filter_value": {
                                "keys": [
                                    "category"
                                ],
                                "values": [
                                    "8141"
                                ]
                            },
                            "label": "Foto y video"
                        },
                        {
                            "code": "8142",
                            "filter_value": {
                                "keys": [
                                    "category"
                                ],
                                "values": [
                                    "8142"
                                ]
                            },
                            "label": "Salon de eventos"
                        },
                        {
                            "code": "8143",
                            "filter_value": {
                                "keys": [
                                    "category"
                                ],
                                "values": [
                                    "8143"
                                ]
                            },
                            "label": "Organización de eventos"
                        },
                        {
                            "code": "8144",
                            "filter_value": {
                                "keys": [
                                    "category"
                                ],
                                "values": [
                                    "8144"
                                ]
                            },
                            "label": "Comida para fiestas"
                        },
                        {
                            "code": "8145",
                            "filter_value": {
                                "keys": [
                                    "category"
                                ],
                                "values": [
                                    "8145"
                                ]
                            },
                            "label": "Alquiler de Equipamiento"
                        },
                        {
                            "code": "8146",
                            "filter_value": {
                                "keys": [
                                    "category"
                                ],
                                "values": [
                                    "8146"
                                ]
                            },
                            "label": "Música para eventos"
                        }
                    ],
                    "code": "8140",
                    "filter_value": {
                        "keys": [
                            "category"
                        ],
                        "values": [
                            "8140"
                        ]
                    },
                    "label": "Eventos"
                },
                {
                    "all_label": "Todas de la categoría",
                    "categories": [
                        {
                            "code": "8161",
                            "filter_value": {
                                "keys": [
                                    "category"
                                ],
                                "values": [
                                    "8161"
                                ]
                            },
                            "label": "Taller Mecánico"
                        },
                        {
                            "code": "8162",
                            "filter_value": {
                                "keys": [
                                    "category"
                                ],
                                "values": [
                                    "8162"
                                ]
                            },
                            "label": "Hojalatería y pintura"
                        },
                        {
                            "code": "8163",
                            "filter_value": {
                                "keys": [
                                    "category"
                                ],
                                "values": [
                                    "8163"
                                ]
                            },
                            "label": "Autolavado"
                        }
                    ],
                    "code": "8160",
                    "filter_value": {
                        "keys": [
                            "category"
                        ],
                        "values": [
                            "8160"
                        ]
                    },
                    "label": "Mantenimiento de Autos"
                },
                {
                    "all_label": "Todas de la categoría",
                    "categories": [
                        {
                            "code": "8181",
                            "filter_value": {
                                "keys": [
                                    "category"
                                ],
                                "values": [
                                    "8181"
                                ]
                            },
                            "label": "Peluquería"
                        },
                        {
                            "code": "8182",
                            "filter_value": {
                                "keys": [
                                    "category"
                                ],
                                "values": [
                                    "8182"
                                ]
                            },
                            "label": "Depilación"
                        },
                        {
                            "code": "8183",
                            "filter_value": {
                                "keys": [
                                    "category"
                                ],
                                "values": [
                                    "8183"
                                ]
                            },
                            "label": "Manicura y Pedicura"
                        },
                        {
                            "code": "8184",
                            "filter_value": {
                                "keys": [
                                    "category"
                                ],
                                "values": [
                                    "8184"
                                ]
                            },
                            "label": "Maquillaje"
                        },
                        {
                            "code": "8185",
                            "filter_value": {
                                "keys": [
                                    "category"
                                ],
                                "values": [
                                    "8185"
                                ]
                            },
                            "label": "Masajes y Spa"
                        }
                    ],
                    "code": "8180",
                    "filter_value": {
                        "keys": [
                            "category"
                        ],
                        "values": [
                            "8180"
                        ]
                    },
                    "label": "Cuidado personal, belleza y estética"
                },
                {
                    "all_label": "Todas de la categoría",
                    "categories": [
                        {
                            "code": "8201",
                            "filter_value": {
                                "keys": [
                                    "category"
                                ],
                                "values": [
                                    "8201"
                                ]
                            },
                            "label": "Diseño gráfico y digital"
                        },
                        {
                            "code": "8202",
                            "filter_value": {
                                "keys": [
                                    "category"
                                ],
                                "values": [
                                    "8202"
                                ]
                            },
                            "label": "Imprenta"
                        },
                        {
                            "code": "8203",
                            "filter_value": {
                                "keys": [
                                    "category"
                                ],
                                "values": [
                                    "8203"
                                ]
                            },
                            "label": "Promocionales"
                        }
                    ],
                    "code": "8200",
                    "filter_value": {
                        "keys": [
                            "category"
                        ],
                        "values": [
                            "8200"
                        ]
                    },
                    "label": "Publicidad"
                },
                {
                    "all_label": "Todas de la categoría",
                    "categories": [
                        {
                            "code": "8221",
                            "filter_value": {
                                "keys": [
                                    "category"
                                ],
                                "values": [
                                    "8221"
                                ]
                            },
                            "label": "Veterinarias"
                        },
                        {
                            "code": "8222",
                            "filter_value": {
                                "keys": [
                                    "category"
                                ],
                                "values": [
                                    "8222"
                                ]
                            },
                            "label": "Paseadores y cuidadores"
                        },
                        {
                            "code": "8223",
                            "filter_value": {
                                "keys": [
                                    "category"
                                ],
                                "values": [
                                    "8223"
                                ]
                            },
                            "label": "Estética canina"
                        }
                    ],
                    "code": "8220",
                    "filter_value": {
                        "keys": [
                            "category"
                        ],
                        "values": [
                            "8220"
                        ]
                    },
                    "label": "Servicios para mascota"
                },
                {
                    "all_label": "Todas de la categoría",
                    "categories": [
                        {
                            "code": "8241",
                            "filter_value": {
                                "keys": [
                                    "category"
                                ],
                                "values": [
                                    "8241"
                                ]
                            },
                            "label": "Accesorios y servicios funerarios"
                        },
                        {
                            "code": "8242",
                            "filter_value": {
                                "keys": [
                                    "category"
                                ],
                                "values": [
                                    "8242"
                                ]
                            },
                            "label": "Fabricación"
                        },
                        {
                            "code": "8243",
                            "filter_value": {
                                "keys": [
                                    "category"
                                ],
                                "values": [
                                    "8243"
                                ]
                            },
                            "label": "Varios"
                        }
                    ],
                    "code": "8240",
                    "filter_value": {
                        "keys": [
                            "category"
                        ],
                        "values": [
                            "8240"
                        ]
                    },
                    "label": "Otros Servicios"
                }
            ],
            "code": "8000",
            "color": "FDE8DE",
            "filter_value": {
                "keys": [
                    "category"
                ],
                "values": [
                    "8000"
                ]
            },
            "icon": "http://www.segundamano.mx/img/nga/servicios.png",
            "label": "Servicios"
        },
        {
            "all_label": "Todas de la categoría",
            "categories": [
                {
                    "all_label": "Todas de la categoría",
                    "code": "9020",
                    "filter_value": {
                        "keys": [
                            "category"
                        ],
                        "values": [
                            "9020"
                        ]
                    },
                    "label": "Venta y Traspasos"
                },
                {
                    "all_label": "Todas de la categoría",
                    "categories": [
                        {
                            "code": "9041",
                            "filter_value": {
                                "keys": [
                                    "category"
                                ],
                                "values": [
                                    "9041"
                                ]
                            },
                            "label": "Alimentos"
                        },
                        {
                            "code": "9042",
                            "filter_value": {
                                "keys": [
                                    "category"
                                ],
                                "values": [
                                    "9042"
                                ]
                            },
                            "label": "Mobiliario"
                        },
                        {
                            "code": "9043",
                            "filter_value": {
                                "keys": [
                                    "category"
                                ],
                                "values": [
                                    "9043"
                                ]
                            },
                            "label": "Industrial"
                        }
                    ],
                    "code": "9040",
                    "filter_value": {
                        "keys": [
                            "category"
                        ],
                        "values": [
                            "9040"
                        ]
                    },
                    "label": "Equipamiento e Insumos"
                }
            ],
            "code": "9000",
            "color": "FDE8DE",
            "filter_value": {
                "keys": [
                    "category"
                ],
                "values": [
                    "9000"
                ]
            },
            "icon": "http://www.segundamano.mx/img/nga/negocios_y_servicios.png",
            "label": "Negocios e Industria"
        }
    ]
}
Response: {
    "all_categories": {
        "color": "FFFFFF",
        "icon": "http://www.segundamano.mx/img/nga/todas_las_categorias.png",
        "label": "Todas las categorías"
    },
    "categories": [
        {
            "all_label": "Todas de la categoría",
            "categories": [
                {
                    "all_label": "Todas de la categoría",
                    "code": "1020",
                    "filter_value": {
                        "keys": [
                            "category"
                        ],
                        "values": [
                            "1020"
                        ]
                    },
                    "label": "Venta inmuebles"
                },
                {
                    "all_label": "Todas de la categoría",
                    "code": "1040",
                    "filter_value": {
                        "keys": [
                            "category"
                        ],
                        "values": [
                            "1040"
                        ]
                    },
                    "label": "Renta inmuebles"
                },
                {
                    "all_label": "Todas de la categoría",
                    "code": "1060",
                    "filter_value": {
                        "keys": [
                            "category"
                        ],
                        "values": [
                            "1060"
                        ]
                    },
                    "label": "Traspasos"
                },
                {
                    "all_label": "Todas de la categoría",
                    "code": "1080",
                    "filter_value": {
                        "keys": [
                            "category"
                        ],
                        "values": [
                            "1080"
                        ]
                    },
                    "label": "Rentas vacacionales"
                },
                {
                    "all_label": "Todas de la categoría",
                    "code": "1100",
                    "filter_value": {
                        "keys": [
                            "category"
                        ],
                        "values": [
                            "1100"
                        ]
                    },
                    "label": "Desarrollos inmobiliarios"
                }
            ],
            "code": "1000",
            "color": "FDE8DE",
            "filter_value": {
                "keys": [
                    "category"
                ],
                "values": [
                    "1000"
                ]
            },
            "icon": "http://www.segundamano.mx/img/nga/inmuebles.png",
            "label": "Inmuebles"
        },
        {
            "all_label": "Todas de la categoría",
            "categories": [
                {
                    "all_label": "Todas de la categoría",
                    "categories": [
                        {
                            "code": "2021",
                            "filter_value": {
                                "keys": [
                                    "category"
                                ],
                                "values": [
                                    "2021"
                                ]
                            },
                            "label": "Autos"
                        },
                        {
                            "code": "2022",
                            "filter_value": {
                                "keys": [
                                    "category"
                                ],
                                "values": [
                                    "2022"
                                ]
                            },
                            "label": "Suv, Jeep y Van"
                        },
                        {
                            "code": "2023",
                            "filter_value": {
                                "keys": [
                                    "category"
                                ],
                                "values": [
                                    "2023"
                                ]
                            },
                            "label": "Pick up"
                        }
                    ],
                    "code": "2020",
                    "filter_value": {
                        "keys": [
                            "category"
                        ],
                        "values": [
                            "2020"
                        ]
                    },
                    "label": "Automóviles y camionetas"
                },
                {
                    "all_label": "Todas de la categoría",
                    "code": "2040",
                    "filter_value": {
                        "keys": [
                            "category"
                        ],
                        "values": [
                            "2040"
                        ]
                    },
                    "label": "Motocicletas"
                },
                {
                    "all_label": "Todas de la categoría",
                    "categories": [
                        {
                            "code": "2121",
                            "filter_value": {
                                "keys": [
                                    "category"
                                ],
                                "values": [
                                    "2121"
                                ]
                            },
                            "label": "Autoestereos y sonido"
                        },
                        {
                            "code": "2122",
                            "filter_value": {
                                "keys": [
                                    "category"
                                ],
                                "values": [
                                    "2122"
                                ]
                            },
                            "label": "Refacciones y otras"
                        },
                        {
                            "code": "2123",
                            "filter_value": {
                                "keys": [
                                    "category"
                                ],
                                "values": [
                                    "2123"
                                ]
                            },
                            "label": "Rines y llantas"
                        },
                        {
                            "code": "2124",
                            "filter_value": {
                                "keys": [
                                    "category"
                                ],
                                "values": [
                                    "2124"
                                ]
                            },
                            "label": "Remolques y cajas secas"
                        }
                    ],
                    "code": "2120",
                    "filter_value": {
                        "keys": [
                            "category"
                        ],
                        "values": [
                            "2120"
                        ]
                    },
                    "label": "Accesorios y piezas"
                },
                {
                    "all_label": "Todas de la categoría",
                    "code": "2080",
                    "filter_value": {
                        "keys": [
                            "category"
                        ],
                        "values": [
                            "2080"
                        ]
                    },
                    "label": "Camiones, comerciales y casas rodantes"
                },
                {
                    "all_label": "Todas de la categoría",
                    "code": "2060",
                    "filter_value": {
                        "keys": [
                            "category"
                        ],
                        "values": [
                            "2060"
                        ]
                    },
                    "label": "Náutica y aéreos"
                }
            ],
            "code": "2000",
            "color": "E1E1E1",
            "filter_value": {
                "keys": [
                    "category"
                ],
                "values": [
                    "2000"
                ]
            },
            "icon": "http://www.segundamano.mx/img/nga/vehiculos.png",
            "label": "Vehículos"
        },
        {
            "all_label": "Todas de la categoría",
            "categories": [
                {
                    "all_label": "Todas de la categoría",
                    "categories": [
                        {
                            "code": "5041",
                            "filter_value": {
                                "keys": [
                                    "category"
                                ],
                                "values": [
                                    "5041"
                                ]
                            },
                            "label": "Telefonía"
                        },
                        {
                            "code": "5042",
                            "filter_value": {
                                "keys": [
                                    "category"
                                ],
                                "values": [
                                    "5042"
                                ]
                            },
                            "label": "Accesorios"
                        }
                    ],
                    "code": "5040",
                    "filter_value": {
                        "keys": [
                            "category"
                        ],
                        "values": [
                            "5040"
                        ]
                    },
                    "label": "Celulares y teléfonos"
                },
                {
                    "all_label": "Todas de la categoría",
                    "code": "5080",
                    "filter_value": {
                        "keys": [
                            "category"
                        ],
                        "values": [
                            "5080"
                        ]
                    },
                    "label": "Audio, tv, video y fotografía"
                },
                {
                    "all_label": "Todas de la categoría",
                    "categories": [
                        {
                            "code": "5021",
                            "filter_value": {
                                "keys": [
                                    "category"
                                ],
                                "values": [
                                    "5021"
                                ]
                            },
                            "label": "Laptops, PC y tabletas"
                        },
                        {
                            "code": "5022",
                            "filter_value": {
                                "keys": [
                                    "category"
                                ],
                                "values": [
                                    "5022"
                                ]
                            },
                            "label": "Accesorios, juegos y programas"
                        }
                    ],
                    "code": "5020",
                    "filter_value": {
                        "keys": [
                            "category"
                        ],
                        "values": [
                            "5020"
                        ]
                    },
                    "label": "Computadoras y accesorios"
                },
                {
                    "all_label": "Todas de la categoría",
                    "code": "5060",
                    "filter_value": {
                        "keys": [
                            "category"
                        ],
                        "values": [
                            "5060"
                        ]
                    },
                    "label": "Consolas y videojuegos"
                }
            ],
            "code": "5000",
            "color": "8ECBCD",
            "filter_value": {
                "keys": [
                    "category"
                ],
                "values": [
                    "5000"
                ]
            },
            "icon": "http://www.segundamano.mx/img/nga/computadoras_y_electronica.png",
            "label": "Computación y electrónica"
        },
        {
            "all_label": "Todas de la categoría",
            "categories": [
                {
                    "all_label": "Todas de la categoría",
                    "categories": [
                        {
                            "code": "3041",
                            "filter_value": {
                                "keys": [
                                    "category"
                                ],
                                "values": [
                                    "3041"
                                ]
                            },
                            "label": "Ventilación y calefacción"
                        },
                        {
                            "code": "3042",
                            "filter_value": {
                                "keys": [
                                    "category"
                                ],
                                "values": [
                                    "3042"
                                ]
                            },
                            "label": "Utensilios de cocina"
                        },
                        {
                            "code": "3043",
                            "filter_value": {
                                "keys": [
                                    "category"
                                ],
                                "values": [
                                    "3043"
                                ]
                            },
                            "label": "Electrodomésticos y línea blanca"
                        },
                        {
                            "code": "3044",
                            "filter_value": {
                                "keys": [
                                    "category"
                                ],
                                "values": [
                                    "3044"
                                ]
                            },
                            "label": "Blancos, organización y limpieza"
                        }
                    ],
                    "code": "3040",
                    "filter_value": {
                        "keys": [
                            "category"
                        ],
                        "values": [
                            "3040"
                        ]
                    },
                    "label": "Todo para tu casa"
                },
                {
                    "all_label": "Todas de la categoría",
                    "code": "3020",
                    "filter_value": {
                        "keys": [
                            "category"
                        ],
                        "values": [
                            "3020"
                        ]
                    },
                    "label": "Jardín, herramientas y exteriores"
                },
                {
                    "all_label": "Todas de la categoría",
                    "categories": [
                        {
                            "code": "3061",
                            "filter_value": {
                                "keys": [
                                    "category"
                                ],
                                "values": [
                                    "3061"
                                ]
                            },
                            "label": "Vestidos, faldas, trajes"
                        },
                        {
                            "code": "3062",
                            "filter_value": {
                                "keys": [
                                    "category"
                                ],
                                "values": [
                                    "3062"
                                ]
                            },
                            "label": "Zapatos"
                        },
                        {
                            "code": "3063",
                            "filter_value": {
                                "keys": [
                                    "category"
                                ],
                                "values": [
                                    "3063"
                                ]
                            },
                            "label": "Playeras y camisas"
                        },
                        {
                            "code": "3064",
                            "filter_value": {
                                "keys": [
                                    "category"
                                ],
                                "values": [
                                    "3064"
                                ]
                            },
                            "label": "Pantalones y shorts"
                        },
                        {
                            "code": "3065",
                            "filter_value": {
                                "keys": [
                                    "category"
                                ],
                                "values": [
                                    "3065"
                                ]
                            },
                            "label": "Sweaters, abrigos y chamarras"
                        },
                        {
                            "code": "3066",
                            "filter_value": {
                                "keys": [
                                    "category"
                                ],
                                "values": [
                                    "3066"
                                ]
                            },
                            "label": "Otras prendas de vestir"
                        }
                    ],
                    "code": "3060",
                    "filter_value": {
                        "keys": [
                            "category"
                        ],
                        "values": [
                            "3060"
                        ]
                    },
                    "label": "Ropa y calzado"
                },
                {
                    "all_label": "Todas de la categoría",
                    "categories": [
                        {
                            "code": "3101",
                            "filter_value": {
                                "keys": [
                                    "category"
                                ],
                                "values": [
                                    "3101"
                                ]
                            },
                            "label": "Ropa, calzado y accesorios"
                        },
                        {
                            "code": "3102",
                            "filter_value": {
                                "keys": [
                                    "category"
                                ],
                                "values": [
                                    "3102"
                                ]
                            },
                            "label": "Juguetes"
                        },
                        {
                            "code": "3103",
                            "filter_value": {
                                "keys": [
                                    "category"
                                ],
                                "values": [
                                    "3103"
                                ]
                            },
                            "label": "Sillas y carriolas"
                        },
                        {
                            "code": "3104",
                            "filter_value": {
                                "keys": [
                                    "category"
                                ],
                                "values": [
                                    "3104"
                                ]
                            },
                            "label": "Muebles y blancos"
                        },
                        {
                            "code": "3105",
                            "filter_value": {
                                "keys": [
                                    "category"
                                ],
                                "values": [
                                    "3105"
                                ]
                            },
                            "label": "Cuidado y nutrición"
                        }
                    ],
                    "code": "3100",
                    "filter_value": {
                        "keys": [
                            "category"
                        ],
                        "values": [
                            "3100"
                        ]
                    },
                    "label": "Bebés y niños"
                },
                {
                    "all_label": "Todas de la categoría",
                    "categories": [
                        {
                            "code": "3081",
                            "filter_value": {
                                "keys": [
                                    "category"
                                ],
                                "values": [
                                    "3081"
                                ]
                            },
                            "label": "Relojes"
                        },
                        {
                            "code": "3082",
                            "filter_value": {
                                "keys": [
                                    "category"
                                ],
                                "values": [
                                    "3082"
                                ]
                            },
                            "label": "Joyas y bisutería"
                        },
                        {
                            "code": "3083",
                            "filter_value": {
                                "keys": [
                                    "category"
                                ],
                                "values": [
                                    "3083"
                                ]
                            },
                            "label": "Bolsas, carteras y cinturones"
                        },
                        {
                            "code": "3084",
                            "filter_value": {
                                "keys": [
                                    "category"
                                ],
                                "values": [
                                    "3084"
                                ]
                            },
                            "label": "Lentes, gorras y otros accesorios"
                        }
                    ],
                    "code": "3080",
                    "filter_value": {
                        "keys": [
                            "category"
                        ],
                        "values": [
                            "3080"
                        ]
                    },
                    "label": "Accesorios y joyería"
                },
                {
                    "all_label": "Todas de la categoría",
                    "categories": [
                        {
                            "code": "3121",
                            "filter_value": {
                                "keys": [
                                    "category"
                                ],
                                "values": [
                                    "3121"
                                ]
                            },
                            "label": "Sala"
                        },
                        {
                            "code": "3122",
                            "filter_value": {
                                "keys": [
                                    "category"
                                ],
                                "values": [
                                    "3122"
                                ]
                            },
                            "label": "Recámara"
                        },
                        {
                            "code": "3123",
                            "filter_value": {
                                "keys": [
                                    "category"
                                ],
                                "values": [
                                    "3123"
                                ]
                            },
                            "label": "Comedor"
                        },
                        {
                            "code": "3124",
                            "filter_value": {
                                "keys": [
                                    "category"
                                ],
                                "values": [
                                    "3124"
                                ]
                            },
                            "label": "Artículos de decoración"
                        },
                        {
                            "code": "3125",
                            "filter_value": {
                                "keys": [
                                    "category"
                                ],
                                "values": [
                                    "3125"
                                ]
                            },
                            "label": "Otros muebles"
                        }
                    ],
                    "code": "3120",
                    "filter_value": {
                        "keys": [
                            "category"
                        ],
                        "values": [
                            "3120"
                        ]
                    },
                    "label": "Muebles y decoración"
                }
            ],
            "code": "3000",
            "color": "FDE8DE",
            "filter_value": {
                "keys": [
                    "category"
                ],
                "values": [
                    "3000"
                ]
            },
            "icon": "http://www.segundamano.mx/img/nga/tu_hogar_y_tu.png",
            "label": "Tu hogar y tú"
        },
        {
            "all_label": "Todas de la categoría",
            "categories": [
                {
                    "all_label": "Todas de la categoría",
                    "code": "6020",
                    "filter_value": {
                        "keys": [
                            "category"
                        ],
                        "values": [
                            "6020"
                        ]
                    },
                    "label": "Ofertas de empleo"
                },
                {
                    "all_label": "Todas de la categoría",
                    "code": "6040",
                    "filter_value": {
                        "keys": [
                            "category"
                        ],
                        "values": [
                            "6040"
                        ]
                    },
                    "label": "Busco empleo"
                },
                {
                    "all_label": "Todas de la categoría",
                    "code": "6060",
                    "filter_value": {
                        "keys": [
                            "category"
                        ],
                        "values": [
                            "6060"
                        ]
                    },
                    "label": "Educación"
                }
            ],
            "code": "6000",
            "color": "E1E1E1",
            "filter_value": {
                "keys": [
                    "category"
                ],
                "values": [
                    "6000"
                ]
            },
            "icon": "http://www.segundamano.mx/img/nga/empleo_y_educacion.png",
            "label": "Empleo y educación"
        },
        {
            "all_label": "Todas de la categoría",
            "categories": [
                {
                    "all_label": "Todas de la categoría",
                    "categories": [
                        {
                            "code": "4021",
                            "filter_value": {
                                "keys": [
                                    "category"
                                ],
                                "values": [
                                    "4021"
                                ]
                            },
                            "label": "Animales"
                        },
                        {
                            "code": "4022",
                            "filter_value": {
                                "keys": [
                                    "category"
                                ],
                                "values": [
                                    "4022"
                                ]
                            },
                            "label": "Accesorios, cuidado y nutrición"
                        }
                    ],
                    "code": "4020",
                    "filter_value": {
                        "keys": [
                            "category"
                        ],
                        "values": [
                            "4020"
                        ]
                    },
                    "label": "Animales y mascotas"
                },
                {
                    "all_label": "Todas de la categoría",
                    "categories": [
                        {
                            "code": "4041",
                            "filter_value": {
                                "keys": [
                                    "category"
                                ],
                                "values": [
                                    "4041"
                                ]
                            },
                            "label": "Ropa y calzado deportivo"
                        },
                        {
                            "code": "4042",
                            "filter_value": {
                                "keys": [
                                    "category"
                                ],
                                "values": [
                                    "4042"
                                ]
                            },
                            "label": "Equipo, accesorios y hobbies"
                        }
                    ],
                    "code": "4040",
                    "filter_value": {
                        "keys": [
                            "category"
                        ],
                        "values": [
                            "4040"
                        ]
                    },
                    "label": "Deportes y hobbies"
                },
                {
                    "all_label": "Todas de la categoría",
                    "code": "4060",
                    "filter_value": {
                        "keys": [
                            "category"
                        ],
                        "values": [
                            "4060"
                        ]
                    },
                    "label": "Instrumentos musicales"
                },
                {
                    "all_label": "Todas de la categoría",
                    "code": "4100",
                    "filter_value": {
                        "keys": [
                            "category"
                        ],
                        "values": [
                            "4100"
                        ]
                    },
                    "label": "Coleccionismo"
                },
                {
                    "all_label": "Todas de la categoría",
                    "code": "4080",
                    "filter_value": {
                        "keys": [
                            "category"
                        ],
                        "values": [
                            "4080"
                        ]
                    },
                    "label": "Música, libros y películas"
                },
                {
                    "all_label": "Todas de la categoría",
                    "code": "4120",
                    "filter_value": {
                        "keys": [
                            "category"
                        ],
                        "values": [
                            "4120"
                        ]
                    },
                    "label": "Salud y belleza"
                },
                {
                    "all_label": "Todas de la categoría",
                    "code": "4140",
                    "filter_value": {
                        "keys": [
                            "category"
                        ],
                        "values": [
                            "4140"
                        ]
                    },
                    "label": "Papelería, escolares y oficina"
                }
            ],
            "code": "4000",
            "color": "8ECBCD",
            "filter_value": {
                "keys": [
                    "category"
                ],
                "values": [
                    "4000"
                ]
            },
            "icon": "http://www.segundamano.mx/img/nga/tiempo_libre.png",
            "label": "Tiempo libre"
        },
        {
            "all_label": "Todas de la categoría",
            "categories": [
                {
                    "all_label": "Todas de la categoría",
                    "categories": [
                        {
                            "code": "8021",
                            "filter_value": {
                                "keys": [
                                    "category"
                                ],
                                "values": [
                                    "8021"
                                ]
                            },
                            "label": "Construcción"
                        },
                        {
                            "code": "8022",
                            "filter_value": {
                                "keys": [
                                    "category"
                                ],
                                "values": [
                                    "8022"
                                ]
                            },
                            "label": "Diseño"
                        },
                        {
                            "code": "8023",
                            "filter_value": {
                                "keys": [
                                    "category"
                                ],
                                "values": [
                                    "8023"
                                ]
                            },
                            "label": "Decoración de interiores"
                        },
                        {
                            "code": "8024",
                            "filter_value": {
                                "keys": [
                                    "category"
                                ],
                                "values": [
                                    "8024"
                                ]
                            },
                            "label": "Remodelaciones"
                        },
                        {
                            "code": "8025",
                            "filter_value": {
                                "keys": [
                                    "category"
                                ],
                                "values": [
                                    "8025"
                                ]
                            },
                            "label": "Jardinería"
                        },
                        {
                            "code": "8026",
                            "filter_value": {
                                "keys": [
                                    "category"
                                ],
                                "values": [
                                    "8026"
                                ]
                            },
                            "label": "Persianas y pisos"
                        },
                        {
                            "code": "8027",
                            "filter_value": {
                                "keys": [
                                    "category"
                                ],
                                "values": [
                                    "8027"
                                ]
                            },
                            "label": "Carpinteros"
                        },
                        {
                            "code": "8028",
                            "filter_value": {
                                "keys": [
                                    "category"
                                ],
                                "values": [
                                    "8028"
                                ]
                            },
                            "label": "Electricista"
                        },
                        {
                            "code": "8029",
                            "filter_value": {
                                "keys": [
                                    "category"
                                ],
                                "values": [
                                    "8029"
                                ]
                            },
                            "label": "Herrería"
                        },
                        {
                            "code": "8030",
                            "filter_value": {
                                "keys": [
                                    "category"
                                ],
                                "values": [
                                    "8030"
                                ]
                            },
                            "label": "Albañiles"
                        },
                        {
                            "code": "8031",
                            "filter_value": {
                                "keys": [
                                    "category"
                                ],
                                "values": [
                                    "8031"
                                ]
                            },
                            "label": "Plomero"
                        },
                        {
                            "code": "8032",
                            "filter_value": {
                                "keys": [
                                    "category"
                                ],
                                "values": [
                                    "8032"
                                ]
                            },
                            "label": "Pintor"
                        },
                        {
                            "code": "8033",
                            "filter_value": {
                                "keys": [
                                    "category"
                                ],
                                "values": [
                                    "8033"
                                ]
                            },
                            "label": "Limpieza"
                        },
                        {
                            "code": "8034",
                            "filter_value": {
                                "keys": [
                                    "category"
                                ],
                                "values": [
                                    "8034"
                                ]
                            },
                            "label": "Mantenimiento de Inmuebles"
                        }
                    ],
                    "code": "8020",
                    "filter_value": {
                        "keys": [
                            "category"
                        ],
                        "values": [
                            "8020"
                        ]
                    },
                    "label": "Remodelaciones y mantenimiento"
                },
                {
                    "all_label": "Todas de la categoría",
                    "categories": [
                        {
                            "code": "8041",
                            "filter_value": {
                                "keys": [
                                    "category"
                                ],
                                "values": [
                                    "8041"
                                ]
                            },
                            "label": "Arquitectos"
                        },
                        {
                            "code": "8042",
                            "filter_value": {
                                "keys": [
                                    "category"
                                ],
                                "values": [
                                    "8042"
                                ]
                            },
                            "label": "Abogados"
                        },
                        {
                            "code": "8043",
                            "filter_value": {
                                "keys": [
                                    "category"
                                ],
                                "values": [
                                    "8043"
                                ]
                            },
                            "label": "Contadores"
                        },
                        {
                            "code": "8044",
                            "filter_value": {
                                "keys": [
                                    "category"
                                ],
                                "values": [
                                    "8044"
                                ]
                            },
                            "label": "Administración"
                        },
                        {
                            "code": "8045",
                            "filter_value": {
                                "keys": [
                                    "category"
                                ],
                                "values": [
                                    "8045"
                                ]
                            },
                            "label": "Más profesionales"
                        }
                    ],
                    "code": "8040",
                    "filter_value": {
                        "keys": [
                            "category"
                        ],
                        "values": [
                            "8040"
                        ]
                    },
                    "label": "Profesionales"
                },
                {
                    "all_label": "Todas de la categoría",
                    "categories": [
                        {
                            "code": "8061",
                            "filter_value": {
                                "keys": [
                                    "category"
                                ],
                                "values": [
                                    "8061"
                                ]
                            },
                            "label": "Equipo ligero"
                        },
                        {
                            "code": "8062",
                            "filter_value": {
                                "keys": [
                                    "category"
                                ],
                                "values": [
                                    "8062"
                                ]
                            },
                            "label": "Grúas"
                        },
                        {
                            "code": "8063",
                            "filter_value": {
                                "keys": [
                                    "category"
                                ],
                                "values": [
                                    "8063"
                                ]
                            },
                            "label": "Maquinaria y equipo pesado"
                        }
                    ],
                    "code": "8060",
                    "filter_value": {
                        "keys": [
                            "category"
                        ],
                        "values": [
                            "8060"
                        ]
                    },
                    "label": "Renta de maquinaria y equipo"
                },
                {
                    "all_label": "Todas de la categoría",
                    "categories": [
                        {
                            "code": "8081",
                            "filter_value": {
                                "keys": [
                                    "category"
                                ],
                                "values": [
                                    "8081"
                                ]
                            },
                            "label": "Celulares"
                        },
                        {
                            "code": "8082",
                            "filter_value": {
                                "keys": [
                                    "category"
                                ],
                                "values": [
                                    "8082"
                                ]
                            },
                            "label": "Computadoras y laptops"
                        },
                        {
                            "code": "8083",
                            "filter_value": {
                                "keys": [
                                    "category"
                                ],
                                "values": [
                                    "8083"
                                ]
                            },
                            "label": "Línea Blanca"
                        },
                        {
                            "code": "8084",
                            "filter_value": {
                                "keys": [
                                    "category"
                                ],
                                "values": [
                                    "8084"
                                ]
                            },
                            "label": "Aire acondicionado"
                        },
                        {
                            "code": "8085",
                            "filter_value": {
                                "keys": [
                                    "category"
                                ],
                                "values": [
                                    "8085"
                                ]
                            },
                            "label": "Equipos industriales"
                        },
                        {
                            "code": "8086",
                            "filter_value": {
                                "keys": [
                                    "category"
                                ],
                                "values": [
                                    "8086"
                                ]
                            },
                            "label": "Otros equipos electrónicos"
                        }
                    ],
                    "code": "8080",
                    "filter_value": {
                        "keys": [
                            "category"
                        ],
                        "values": [
                            "8080"
                        ]
                    },
                    "label": "Reparación de equipo"
                },
                {
                    "all_label": "Todas de la categoría",
                    "code": "8100",
                    "filter_value": {
                        "keys": [
                            "category"
                        ],
                        "values": [
                            "8100"
                        ]
                    },
                    "label": "Internet y Comunicaciones"
                },
                {
                    "all_label": "Todas de la categoría",
                    "categories": [
                        {
                            "code": "8121",
                            "filter_value": {
                                "keys": [
                                    "category"
                                ],
                                "values": [
                                    "8121"
                                ]
                            },
                            "label": "Mudanzas y fletes"
                        },
                        {
                            "code": "8122",
                            "filter_value": {
                                "keys": [
                                    "category"
                                ],
                                "values": [
                                    "8122"
                                ]
                            },
                            "label": "Transporte de pasajeros"
                        }
                    ],
                    "code": "8120",
                    "filter_value": {
                        "keys": [
                            "category"
                        ],
                        "values": [
                            "8120"
                        ]
                    },
                    "label": "Transportes"
                },
                {
                    "all_label": "Todas de la categoría",
                    "categories": [
                        {
                            "code": "8141",
                            "filter_value": {
                                "keys": [
                                    "category"
                                ],
                                "values": [
                                    "8141"
                                ]
                            },
                            "label": "Foto y video"
                        },
                        {
                            "code": "8142",
                            "filter_value": {
                                "keys": [
                                    "category"
                                ],
                                "values": [
                                    "8142"
                                ]
                            },
                            "label": "Salon de eventos"
                        },
                        {
                            "code": "8143",
                            "filter_value": {
                                "keys": [
                                    "category"
                                ],
                                "values": [
                                    "8143"
                                ]
                            },
                            "label": "Organización de eventos"
                        },
                        {
                            "code": "8144",
                            "filter_value": {
                                "keys": [
                                    "category"
                                ],
                                "values": [
                                    "8144"
                                ]
                            },
                            "label": "Comida para fiestas"
                        },
                        {
                            "code": "8145",
                            "filter_value": {
                                "keys": [
                                    "category"
                                ],
                                "values": [
                                    "8145"
                                ]
                            },
                            "label": "Alquiler de Equipamiento"
                        },
                        {
                            "code": "8146",
                            "filter_value": {
                                "keys": [
                                    "category"
                                ],
                                "values": [
                                    "8146"
                                ]
                            },
                            "label": "Música para eventos"
                        }
                    ],
                    "code": "8140",
                    "filter_value": {
                        "keys": [
                            "category"
                        ],
                        "values": [
                            "8140"
                        ]
                    },
                    "label": "Eventos"
                },
                {
                    "all_label": "Todas de la categoría",
                    "categories": [
                        {
                            "code": "8161",
                            "filter_value": {
                                "keys": [
                                    "category"
                                ],
                                "values": [
                                    "8161"
                                ]
                            },
                            "label": "Taller Mecánico"
                        },
                        {
                            "code": "8162",
                            "filter_value": {
                                "keys": [
                                    "category"
                                ],
                                "values": [
                                    "8162"
                                ]
                            },
                            "label": "Hojalatería y pintura"
                        },
                        {
                            "code": "8163",
                            "filter_value": {
                                "keys": [
                                    "category"
                                ],
                                "values": [
                                    "8163"
                                ]
                            },
                            "label": "Autolavado"
                        }
                    ],
                    "code": "8160",
                    "filter_value": {
                        "keys": [
                            "category"
                        ],
                        "values": [
                            "8160"
                        ]
                    },
                    "label": "Mantenimiento de Autos"
                },
                {
                    "all_label": "Todas de la categoría",
                    "categories": [
                        {
                            "code": "8181",
                            "filter_value": {
                                "keys": [
                                    "category"
                                ],
                                "values": [
                                    "8181"
                                ]
                            },
                            "label": "Peluquería"
                        },
                        {
                            "code": "8182",
                            "filter_value": {
                                "keys": [
                                    "category"
                                ],
                                "values": [
                                    "8182"
                                ]
                            },
                            "label": "Depilación"
                        },
                        {
                            "code": "8183",
                            "filter_value": {
                                "keys": [
                                    "category"
                                ],
                                "values": [
                                    "8183"
                                ]
                            },
                            "label": "Manicura y Pedicura"
                        },
                        {
                            "code": "8184",
                            "filter_value": {
                                "keys": [
                                    "category"
                                ],
                                "values": [
                                    "8184"
                                ]
                            },
                            "label": "Maquillaje"
                        },
                        {
                            "code": "8185",
                            "filter_value": {
                                "keys": [
                                    "category"
                                ],
                                "values": [
                                    "8185"
                                ]
                            },
                            "label": "Masajes y Spa"
                        }
                    ],
                    "code": "8180",
                    "filter_value": {
                        "keys": [
                            "category"
                        ],
                        "values": [
                            "8180"
                        ]
                    },
                    "label": "Cuidado personal, belleza y estética"
                },
                {
                    "all_label": "Todas de la categoría",
                    "categories": [
                        {
                            "code": "8201",
                            "filter_value": {
                                "keys": [
                                    "category"
                                ],
                                "values": [
                                    "8201"
                                ]
                            },
                            "label": "Diseño gráfico y digital"
                        },
                        {
                            "code": "8202",
                            "filter_value": {
                                "keys": [
                                    "category"
                                ],
                                "values": [
                                    "8202"
                                ]
                            },
                            "label": "Imprenta"
                        },
                        {
                            "code": "8203",
                            "filter_value": {
                                "keys": [
                                    "category"
                                ],
                                "values": [
                                    "8203"
                                ]
                            },
                            "label": "Promocionales"
                        }
                    ],
                    "code": "8200",
                    "filter_value": {
                        "keys": [
                            "category"
                        ],
                        "values": [
                            "8200"
                        ]
                    },
                    "label": "Publicidad"
                },
                {
                    "all_label": "Todas de la categoría",
                    "categories": [
                        {
                            "code": "8221",
                            "filter_value": {
                                "keys": [
                                    "category"
                                ],
                                "values": [
                                    "8221"
                                ]
                            },
                            "label": "Veterinarias"
                        },
                        {
                            "code": "8222",
                            "filter_value": {
                                "keys": [
                                    "category"
                                ],
                                "values": [
                                    "8222"
                                ]
                            },
                            "label": "Paseadores y cuidadores"
                        },
                        {
                            "code": "8223",
                            "filter_value": {
                                "keys": [
                                    "category"
                                ],
                                "values": [
                                    "8223"
                                ]
                            },
                            "label": "Estética canina"
                        }
                    ],
                    "code": "8220",
                    "filter_value": {
                        "keys": [
                            "category"
                        ],
                        "values": [
                            "8220"
                        ]
                    },
                    "label": "Servicios para mascota"
                },
                {
                    "all_label": "Todas de la categoría",
                    "categories": [
                        {
                            "code": "8241",
                            "filter_value": {
                                "keys": [
                                    "category"
                                ],
                                "values": [
                                    "8241"
                                ]
                            },
                            "label": "Accesorios y servicios funerarios"
                        },
                        {
                            "code": "8242",
                            "filter_value": {
                                "keys": [
                                    "category"
                                ],
                                "values": [
                                    "8242"
                                ]
                            },
                            "label": "Fabricación"
                        },
                        {
                            "code": "8243",
                            "filter_value": {
                                "keys": [
                                    "category"
                                ],
                                "values": [
                                    "8243"
                                ]
                            },
                            "label": "Varios"
                        }
                    ],
                    "code": "8240",
                    "filter_value": {
                        "keys": [
                            "category"
                        ],
                        "values": [
                            "8240"
                        ]
                    },
                    "label": "Otros Servicios"
                }
            ],
            "code": "8000",
            "color": "FDE8DE",
            "filter_value": {
                "keys": [
                    "category"
                ],
                "values": [
                    "8000"
                ]
            },
            "icon": "http://www.segundamano.mx/img/nga/servicios.png",
            "label": "Servicios"
        },
        {
            "all_label": "Todas de la categoría",
            "categories": [
                {
                    "all_label": "Todas de la categoría",
                    "code": "9020",
                    "filter_value": {
                        "keys": [
                            "category"
                        ],
                        "values": [
                            "9020"
                        ]
                    },
                    "label": "Venta y Traspasos"
                },
                {
                    "all_label": "Todas de la categoría",
                    "categories": [
                        {
                            "code": "9041",
                            "filter_value": {
                                "keys": [
                                    "category"
                                ],
                                "values": [
                                    "9041"
                                ]
                            },
                            "label": "Alimentos"
                        },
                        {
                            "code": "9042",
                            "filter_value": {
                                "keys": [
                                    "category"
                                ],
                                "values": [
                                    "9042"
                                ]
                            },
                            "label": "Mobiliario"
                        },
                        {
                            "code": "9043",
                            "filter_value": {
                                "keys": [
                                    "category"
                                ],
                                "values": [
                                    "9043"
                                ]
                            },
                            "label": "Industrial"
                        }
                    ],
                    "code": "9040",
                    "filter_value": {
                        "keys": [
                            "category"
                        ],
                        "values": [
                            "9040"
                        ]
                    },
                    "label": "Equipamiento e Insumos"
                }
            ],
            "code": "9000",
            "color": "FDE8DE",
            "filter_value": {
                "keys": [
                    "category"
                ],
                "values": [
                    "9000"
                ]
            },
            "icon": "http://www.segundamano.mx/img/nga/negocios_y_servicios.png",
            "label": "Negocios e Industria"
        }
    ]
}
status response: 200
Tiempo respuesta: 147
Request method:	POST
Request URI:	https://webapi.segundamano.mx/urls/v1/public/ad-listing?lang=es
Proxy:			<none>
Request params:	<none>
Query params:	lang=es
Form params:	<none>
Path params:	<none>
Headers:		Accept=application/json, text/plain, */*
				Content-Type=text/plain; charset=ISO-8859-1
Cookies:		<none>
Multiparts:		<none>
Body:
{
    "filters": [
        {
            "price": "-60000",
            "category": "2020"
        },
        {
            "price": "60000-80000",
            "category": "2020"
        },
        {
            "price": "80000-100000",
            "category": "2020"
        },
        {
            "price": "100000-150000",
            "category": "2020"
        },
        {
            "price": "150000-",
            "category": "2020"
        }
    ]
}
{
    "data": {
        "urls": [
            "/anuncios/mexico/autos-y-camionetas?precio=-60000",
            "/anuncios/mexico/autos-y-camionetas?precio=60000-80000",
            "/anuncios/mexico/autos-y-camionetas?precio=80000-100000",
            "/anuncios/mexico/autos-y-camionetas?precio=100000-150000",
            "/anuncios/mexico/autos-y-camionetas?precio=150000-"
        ]
    }
}
Response: {
    "data": {
        "urls": [
            "/anuncios/mexico/autos-y-camionetas?precio=-60000",
            "/anuncios/mexico/autos-y-camionetas?precio=60000-80000",
            "/anuncios/mexico/autos-y-camionetas?precio=80000-100000",
            "/anuncios/mexico/autos-y-camionetas?precio=100000-150000",
            "/anuncios/mexico/autos-y-camionetas?precio=150000-"
        ]
    }
}
status response: 200
Tiempo respuesta: 171
Request method:	POST
Request URI:	https://webapi.segundamano.mx/nga/api/v1.1/private/accounts?lang=es
Proxy:			<none>
Request params:	<none>
Query params:	lang=es
Form params:	<none>
Path params:	<none>
Headers:		Authorization=Basic dmVudGFzXzQ1MEBtYWlsaW5hdG9yLmNvbToxMjM0NQ==
				Accept=*/*
				Content-Type=application/json
Cookies:		<none>
Multiparts:		<none>
Body:
{
    "account": {
        "email": "ventas_450@mailinator.com"
    }
}
Account_ID: /private/accounts/12788464
Request method:	POST
Request URI:	https://webapi.segundamano.mx/addresses/v1/create
Proxy:			<none>
Request params:	<none>
Query params:	<none>
Form params:	contact=Hulda Doyle
				phone=9878675654
				rfc=XAXX010101000
				zipCode=11011
				exteriorInfo=Morelia 4567
				interiorInfo=3
				region=11
				municipality=300
				area=8082
				alias=La casa test
Path params:	<none>
Headers:		Accept=*/*
				Authorization=Basic Zjg0MjgzZmEtY2VlMy00YjE5LTliMTMtMTVjNzg0Njk0YTY0Om1jMXg1ZDc3NjVlMjQzNjhhZjE3NThhM2QzYjA0YzUyNzhmNTVjNzdmOTA2X3Yy
				Content-Type=application/x-www-form-urlencoded; charset=ISO-8859-1
Cookies:		<none>
Multiparts:		<none>
Body:			<none>
{
    "addressID": "82dcd358-78d5-11ed-bb2c-476777bcb144"
}
status response: 201
Tiempo respuesta: 734
82dcd358-78d5-11ed-bb2c-476777bcb144
Request method:	POST
Request URI:	https://webapi.segundamano.mx/nga/api/v1.1/private/accounts?lang=es
Proxy:			<none>
Request params:	<none>
Query params:	lang=es
Form params:	<none>
Path params:	<none>
Headers:		Authorization=Basic YWdlbnRlX3ZlbnRhc190ZXN0NDI3Ni4wQG1haWxpbmF0b3IuY29tOjEyMzQ1
				Accept=*/*
				Content-Type=application/json
Cookies:		<none>
Multiparts:		<none>
Body:
{
    "account": {
        "email": "agente_ventas_test4276.0@mailinator.com"
    }
}
{
    "error": {
        "code": "ACCOUNT_VERIFICATION_REQUIRED"
    }
}
Response: {
    "error": {
        "code": "ACCOUNT_VERIFICATION_REQUIRED"
    }
}
status response: 401
Tiempo respuesta: 1003
Request method:	POST
Request URI:	https://webapi.segundamano.mx/nga/api/v1.1/private/accounts?lang=es
Proxy:			<none>
Request params:	<none>
Query params:	lang=es
Form params:	<none>
Path params:	<none>
Headers:		Authorization=Basic dmVudGFzXzQ1MEBtYWlsaW5hdG9yLmNvbToxMjM0NQ==
				Accept=*/*
				Content-Type=application/json
Cookies:		<none>
Multiparts:		<none>
Body:
{
    "account": {
        "email": "ventas_450@mailinator.com"
    }
}
Account_ID: /private/accounts/12788464
Token en la prueba crear anuncio mc1xdceb28f4d0c8c31d9186fa3a1289a727897431f6_v2
Request method:	POST
Request URI:	https://webapi.segundamano.mx/v2/accounts/f84283fa-cee3-4b19-9b13-15c784694a64/up
Proxy:			<none>
Request params:	<none>
Query params:	<none>
Form params:	<none>
Path params:	<none>
Headers:		x-source=PHOENIX_DESKTOP
				Accept=*/*
				Authorization=Basic Zjg0MjgzZmEtY2VlMy00YjE5LTliMTMtMTVjNzg0Njk0YTY0Om1jMXhkY2ViMjhmNGQwYzhjMzFkOTE4NmZhM2ExMjg5YTcyNzg5NzQzMWY2X3Yy
				Content-Type=application/json
Cookies:		<none>
Multiparts:		<none>
Body:
{
    "images": "2500130844.jpg",
    "category": "4100",
    "subject": "Tasty compro estampillas para colecciÃ³n",
    "body": "Compra y venta e intercambio de estampillas para colecciÃ³n.",
    "is_new": "0",
    "region": "12",
    "municipality": "323",
    "area": "42205",
    "price": "559",
    "phone_hidden": "true",
    "show_phone": "false",
    "contact_phone": "408-859-6668"
}
{
    "data": {
        "ad": {
            "ad_id": "75091051",
            "subject": "Tasty compro estampillas para colecciÃ³n",
            "category": {
                "code": "4100",
                "label": "Coleccionismo",
                "parent": {
                    "code": "4000",
                    "label": "Tiempo libre"
                }
            },
            "region": {
                "code": "12",
                "label": "Durango"
            },
            "municipality": {
                "code": "323",
                "label": "El Oro"
            },
            "area": {
                "code": "42205",
                "label": "El Calvario"
            },
            "price": {
                "currency": "MXN",
                "value": 559
            },
            "thumbnail": {
                "base_url": "https://img.segundamano.mx",
                "path": "25/2500130844.jpg"
            }
        },
        "payment_info": {
            "payment_required": false,
            "title": "¡Vende más rápido con los Productos Premium!",
            "description": "Elige la opción que mejor se ajuste a tus necesidades",
            "products": [
                {
                    "id": "serv_free",
                    "name": "Anuncio básico",
                    "label": "Anuncio con exposición regular, tendrás menos visitas",
                    "description": "Anuncio con exposición regular, tendrás menos visitas",
                    "price": 0,
                    "most_popular": false,
                    "active": true,
                    "payment_methods": [
                        "pay_method_tokens"
                    ]
                },
                {
                    "id": "serv_daily",
                    "name": "Subir Diario",
                    "label": "Recibe hasta 5 veces más contactos en 7 días",
                    "description": "",
                    "price": 120,
                    "credits": 120,
                    "most_popular": false,
                    "active": true,
                    "payment_methods": [
                        "pay_method_credit",
                        "pay_method_points",
                        "pay_method_oxxo",
                        "pay_method_paypal"
                    ]
                },
                {
                    "id": "serv_premiumpackage_2",
                    "name": "Subir diario y Posición principal",
                    "label": "Recibe hasta 12 veces más contactos",
                    "description": "Sube tu anuncio todos los días durante 7 días y pon tu anuncio en la primera posición durante 3 días",
                    "price": 220,
                    "credits": 220,
                    "most_popular": true,
                    "active": true,
                    "tag": {
                        "slug": "tag_recommended",
                        "name": "RECOMENDADO"
                    },
                    "payment_methods": [
                        "pay_method_credit",
                        "pay_method_points",
                        "pay_method_oxxo",
                        "pay_method_paypal"
                    ]
                }
            ]
        }
    }
}
status response: 200
Tiempo respuesta: 2918
Request method:	POST
Request URI:	https://webapi.segundamano.mx/nga/api/v1.1/private/accounts?lang=es
Proxy:			<none>
Request params:	<none>
Query params:	lang=es
Form params:	<none>
Path params:	<none>
Headers:		Authorization=Basic dmVudGFzXzQ1MEBtYWlsaW5hdG9yLmNvbToxMjM0NQ==
				Accept=*/*
				Content-Type=application/json
Cookies:		<none>
Multiparts:		<none>
Body:
{
    "account": {
        "email": "ventas_450@mailinator.com"
    }
}
Account_ID: /private/accounts/12788464
Request method:	DELETE
Request URI:	https://webapi.segundamano.mx/nga/api/v1%2F%2Fprivate/accounts/12788464/klfst/75091051
Proxy:			<none>
Request params:	<none>
Query params:	<none>
Form params:	<none>
Path params:	<none>
Headers:		Accept=*/*
				Authorization=Basic YWdlbnRlX3ZlbnRhc190ZXN0Njc0MS4wQG1haWxpbmF0b3IuY29tOjEyMzQ1
				Content-Type=application/json
Cookies:		<none>
Multiparts:		<none>
Body:
{
    "delete_reason:"{
        "code": "2"
    }
}
{
    "error": {
        "code": "UNAUTHORIZED"
    }
}
Response: {
    "error": {
        "code": "UNAUTHORIZED"
    }
}
status response: 401
Tiempo respuesta: 147
Request method:	POST
Request URI:	https://webapi.segundamano.mx/nga/api/v1.1/private/accounts?lang=es
Proxy:			<none>
Request params:	<none>
Query params:	lang=es
Form params:	<none>
Path params:	<none>
Headers:		Authorization=Basic dmVudGFzXzQ1MEBtYWlsaW5hdG9yLmNvbToxMjM0NQ==
				Accept=*/*
				Content-Type=application/json
Cookies:		<none>
Multiparts:		<none>
Body:
{
    "account": {
        "email": "ventas_450@mailinator.com"
    }
}
Account_ID: /private/accounts/12788464
Token en la prueba crear anuncio mc1x9551f6f69a0ae9e743857dfa55f7db8cf7cac317_v2
Request method:	POST
Request URI:	https://webapi.segundamano.mx/v2/accounts/f84283fa-cee3-4b19-9b13-15c784694a64/up
Proxy:			<none>
Request params:	<none>
Query params:	<none>
Form params:	<none>
Path params:	<none>
Headers:		x-source=PHOENIX_DESKTOP
				Accept=*/*
				Authorization=Basic Zjg0MjgzZmEtY2VlMy00YjE5LTliMTMtMTVjNzg0Njk0YTY0Om1jMXg5NTUxZjZmNjlhMGFlOWU3NDM4NTdkZmE1NWY3ZGI4Y2Y3Y2FjMzE3X3Yy
				Content-Type=application/json
Cookies:		<none>
Multiparts:		<none>
Body:
{
    "images": "2500130844.jpg",
    "category": "4100",
    "subject": "Tasty compro estampillas para colecciÃ³n",
    "body": "Compra y venta e intercambio de estampillas para colecciÃ³n.",
    "is_new": "0",
    "region": "12",
    "municipality": "323",
    "area": "42205",
    "price": "559",
    "phone_hidden": "true",
    "show_phone": "false",
    "contact_phone": "408-859-6668"
}
{
    "data": {
        "ad": {
            "ad_id": "75091052",
            "subject": "Tasty compro estampillas para colecciÃ³n",
            "category": {
                "code": "4100",
                "label": "Coleccionismo",
                "parent": {
                    "code": "4000",
                    "label": "Tiempo libre"
                }
            },
            "region": {
                "code": "12",
                "label": "Durango"
            },
            "municipality": {
                "code": "323",
                "label": "El Oro"
            },
            "area": {
                "code": "42205",
                "label": "El Calvario"
            },
            "price": {
                "currency": "MXN",
                "value": 559
            },
            "thumbnail": {
                "base_url": "https://img.segundamano.mx",
                "path": "25/2500130844.jpg"
            }
        },
        "payment_info": {
            "payment_required": false,
            "title": "¡Vende más rápido con los Productos Premium!",
            "description": "Elige la opción que mejor se ajuste a tus necesidades",
            "products": [
                {
                    "id": "serv_free",
                    "name": "Anuncio básico",
                    "label": "Anuncio con exposición regular, tendrás menos visitas",
                    "description": "Anuncio con exposición regular, tendrás menos visitas",
                    "price": 0,
                    "most_popular": false,
                    "active": true,
                    "payment_methods": [
                        "pay_method_tokens"
                    ]
                },
                {
                    "id": "serv_daily",
                    "name": "Subir Diario",
                    "label": "Recibe hasta 5 veces más contactos en 7 días",
                    "description": "",
                    "price": 120,
                    "credits": 120,
                    "most_popular": false,
                    "active": true,
                    "payment_methods": [
                        "pay_method_paypal",
                        "pay_method_oxxo",
                        "pay_method_credit",
                        "pay_method_points"
                    ]
                },
                {
                    "id": "serv_premiumpackage_2",
                    "name": "Subir diario y Posición principal",
                    "label": "Recibe hasta 12 veces más contactos",
                    "description": "Sube tu anuncio todos los días durante 7 días y pon tu anuncio en la primera posición durante 3 días",
                    "price": 220,
                    "credits": 220,
                    "most_popular": true,
                    "active": true,
                    "tag": {
                        "slug": "tag_recommended",
                        "name": "RECOMENDADO"
                    },
                    "payment_methods": [
                        "pay_method_paypal",
                        "pay_method_oxxo",
                        "pay_method_credit",
                        "pay_method_points"
                    ]
                }
            ]
        }
    }
}
status response: 200
Tiempo respuesta: 2925
Request method:	GET
Request URI:	https://webapi.segundamano.mx/ad-stats/v1/public/accounts/12788464/ads/75091052
Proxy:			<none>
Request params:	<none>
Query params:	<none>
Form params:	<none>
Path params:	<none>
Headers:		Accept=*/*
Cookies:		<none>
Multiparts:		<none>
Body:			<none>
{
    "list_id": "75091052",
    "total": {
        "change": {
            "views": 0,
            "phone_views": 0,
            "mails": 0,
            "calls": 0,
            "phone_view_leads": 0
        },
        "count": {
            "interested": 0
        }
    }
}
Response: {
    "list_id": "75091052",
    "total": {
        "change": {
            "views": 0,
            "phone_views": 0,
            "mails": 0,
            "calls": 0,
            "phone_view_leads": 0
        },
        "count": {
            "interested": 0
        }
    }
}
status response: 200
Tiempo respuesta: 310
75091052
Request method:	POST
Request URI:	https://webapi.segundamano.mx/nga/api/v1.1/private/accounts?lang=es
Proxy:			<none>
Request params:	<none>
Query params:	lang=es
Form params:	<none>
Path params:	<none>
Headers:		Authorization=Basic dmVudGFzXzQ1MEBtYWlsaW5hdG9yLmNvbToxMjM0NQ==
				Accept=*/*
				Content-Type=application/json
Cookies:		<none>
Multiparts:		<none>
Body:
{
    "account": {
        "email": "ventas_450@mailinator.com"
    }
}
Account_ID: /private/accounts/12788464
Token en la prueba crear anuncio mc1xfaba139b5c2d9672d441a001d16807c77e4d03fa_v2
Request method:	POST
Request URI:	https://webapi.segundamano.mx/v2/accounts/f84283fa-cee3-4b19-9b13-15c784694a64/up
Proxy:			<none>
Request params:	<none>
Query params:	<none>
Form params:	<none>
Path params:	<none>
Headers:		x-source=PHOENIX_DESKTOP
				Accept=*/*
				Authorization=Basic Zjg0MjgzZmEtY2VlMy00YjE5LTliMTMtMTVjNzg0Njk0YTY0Om1jMXhmYWJhMTM5YjVjMmQ5NjcyZDQ0MWEwMDFkMTY4MDdjNzdlNGQwM2ZhX3Yy
				Content-Type=application/json
Cookies:		<none>
Multiparts:		<none>
Body:
{
    "images": "2500130844.jpg",
    "category": "4100",
    "subject": "Tasty compro estampillas para colecciÃ³n",
    "body": "Compra y venta e intercambio de estampillas para colecciÃ³n.",
    "is_new": "0",
    "region": "12",
    "municipality": "323",
    "area": "42205",
    "price": "559",
    "phone_hidden": "true",
    "show_phone": "false",
    "contact_phone": "408-859-6668"
}
{
    "data": {
        "ad": {
            "ad_id": "75091053",
            "subject": "Tasty compro estampillas para colecciÃ³n",
            "category": {
                "code": "4100",
                "label": "Coleccionismo",
                "parent": {
                    "code": "4000",
                    "label": "Tiempo libre"
                }
            },
            "region": {
                "code": "12",
                "label": "Durango"
            },
            "municipality": {
                "code": "323",
                "label": "El Oro"
            },
            "area": {
                "code": "42205",
                "label": "El Calvario"
            },
            "price": {
                "currency": "MXN",
                "value": 559
            },
            "thumbnail": {
                "base_url": "https://img.segundamano.mx",
                "path": "25/2500130844.jpg"
            }
        },
        "payment_info": {
            "payment_required": false,
            "title": "¡Vende más rápido con los Productos Premium!",
            "description": "Elige la opción que mejor se ajuste a tus necesidades",
            "products": [
                {
                    "id": "serv_free",
                    "name": "Anuncio básico",
                    "label": "Anuncio con exposición regular, tendrás menos visitas",
                    "description": "Anuncio con exposición regular, tendrás menos visitas",
                    "price": 0,
                    "most_popular": false,
                    "active": true,
                    "payment_methods": [
                        "pay_method_tokens"
                    ]
                },
                {
                    "id": "serv_daily",
                    "name": "Subir Diario",
                    "label": "Recibe hasta 5 veces más contactos en 7 días",
                    "description": "",
                    "price": 120,
                    "credits": 120,
                    "most_popular": false,
                    "active": true,
                    "payment_methods": [
                        "pay_method_credit",
                        "pay_method_points",
                        "pay_method_oxxo",
                        "pay_method_paypal"
                    ]
                },
                {
                    "id": "serv_premiumpackage_2",
                    "name": "Subir diario y Posición principal",
                    "label": "Recibe hasta 12 veces más contactos",
                    "description": "Sube tu anuncio todos los días durante 7 días y pon tu anuncio en la primera posición durante 3 días",
                    "price": 220,
                    "credits": 220,
                    "most_popular": true,
                    "active": true,
                    "tag": {
                        "slug": "tag_recommended",
                        "name": "RECOMENDADO"
                    },
                    "payment_methods": [
                        "pay_method_credit",
                        "pay_method_points",
                        "pay_method_oxxo",
                        "pay_method_paypal"
                    ]
                }
            ]
        }
    }
}
status response: 200
Tiempo respuesta: 2957
Request method:	PUT
Request URI:	https://webapi.segundamano.mx/v2/accounts/f84283fa-cee3-4b19-9b13-15c784694a64/up/75091053
Proxy:			<none>
Request params:	<none>
Query params:	<none>
Form params:	<none>
Path params:	<none>
Headers:		x-source=PHOENIX_DESKTOP
				Accept=*/*
				Authorization=Basic Zjg0MjgzZmEtY2VlMy00YjE5LTliMTMtMTVjNzg0Njk0YTY0Om1jMXhmYWJhMTM5YjVjMmQ5NjcyZDQ0MWEwMDFkMTY4MDdjNzdlNGQwM2ZhX3Yy
				Content-Type=application/json
Cookies:		<none>
Multiparts:		<none>
Body:
{
    "images": "2500130844.jpg",
    "category": "4100",
    "subject": "Organizamos compra de estampillas para colecciÃ³n",
    "body": "Compra y venta e intercambio de estampillas para colecciÃ³n.",
    "is_new": "0",
    "region": "12",
    "municipality": "323",
    "area": "42205",
    "price": "152",
    "phone_hidden": "true",
    "show_phone": "false",
    "contact_phone": "408-859-6668"
}
{
    "data": {
        "ad": {
            "ad_id": "75091053",
            "subject": "Organizamos compra de estampillas para colecciÃ³n",
            "category": {
                "code": "4100",
                "label": "Coleccionismo",
                "parent": {
                    "code": "4000",
                    "label": "Tiempo libre"
                }
            },
            "region": {
                "code": "12",
                "label": "Durango"
            },
            "municipality": {
                "code": "323",
                "label": "El Oro"
            },
            "area": {
                "code": "42205",
                "label": "El Calvario"
            },
            "price": {
                "currency": "MXN",
                "value": 152
            },
            "thumbnail": {
                "base_url": "https://img.segundamano.mx",
                "path": "25/2500130844.jpg"
            }
        }
    }
}
Response: {
    "data": {
        "ad": {
            "ad_id": "75091053",
            "subject": "Organizamos compra de estampillas para colecciÃ³n",
            "category": {
                "code": "4100",
                "label": "Coleccionismo",
                "parent": {
                    "code": "4000",
                    "label": "Tiempo libre"
                }
            },
            "region": {
                "code": "12",
                "label": "Durango"
            },
            "municipality": {
                "code": "323",
                "label": "El Oro"
            },
            "area": {
                "code": "42205",
                "label": "El Calvario"
            },
            "price": {
                "currency": "MXN",
                "value": 152
            },
            "thumbnail": {
                "base_url": "https://img.segundamano.mx",
                "path": "25/2500130844.jpg"
            }
        }
    }
}
status response: 200
Tiempo respuesta: 2972
Request method:	GET
Request URI:	https://webapi.segundamano.mx/ad-stats/v1/public/accounts/12788464/ads/75091053
Proxy:			<none>
Request params:	<none>
Query params:	<none>
Form params:	<none>
Path params:	<none>
Headers:		Accept=*/*
Cookies:		<none>
Multiparts:		<none>
Body:			<none>
{
    "list_id": "75091053",
    "total": {
        "change": {
            "views": 0,
            "phone_views": 0,
            "mails": 0,
            "calls": 0,
            "phone_view_leads": 0
        },
        "count": {
            "interested": 0
        }
    }
}
Response: {
    "list_id": "75091053",
    "total": {
        "change": {
            "views": 0,
            "phone_views": 0,
            "mails": 0,
            "calls": 0,
            "phone_view_leads": 0
        },
        "count": {
            "interested": 0
        }
    }
}
status response: 200
Tiempo respuesta: 238
75091053
Request method:	POST
Request URI:	https://webapi.segundamano.mx/nga/api/v1.1/private/accounts?lang=es
Proxy:			<none>
Request params:	<none>
Query params:	lang=es
Form params:	<none>
Path params:	<none>
Headers:		Authorization=Basic dmVudGFzXzQ1MEBtYWlsaW5hdG9yLmNvbToxMjM0NQ==
				Accept=*/*
				Content-Type=application/json
Cookies:		<none>
Multiparts:		<none>
Body:
{
    "account": {
        "email": "ventas_450@mailinator.com"
    }
}
Account_ID: /private/accounts/12788464
Request method:	POST
Request URI:	https://webapi.segundamano.mx/nga/api/v1.1/private/accounts?lang=es
Proxy:			<none>
Request params:	<none>
Query params:	lang=es
Form params:	<none>
Path params:	<none>
Headers:		Authorization=Basic dmVudGFzXzQ1MEBtYWlsaW5hdG9yLmNvbToxMjM0NQ==
				Accept=*/*
				Content-Type=application/json
Cookies:		<none>
Multiparts:		<none>
Body:
{
    "account": {
        "email": "ventas_450@mailinator.com"
    }
}
Account_ID: /private/accounts/12788464
Request method:	POST
Request URI:	https://webapi.segundamano.mx/addresses/v1/create
Proxy:			<none>
Request params:	<none>
Query params:	<none>
Form params:	contact=Mrs. Migdalia Jenkins
				phone=9878675654
				rfc=XAXX010101000
				zipCode=11011
				exteriorInfo=Morelia 4567
				interiorInfo=3
				region=11
				municipality=300
				area=8082
				alias=La casa test
Path params:	<none>
Headers:		Accept=*/*
				Authorization=Basic Zjg0MjgzZmEtY2VlMy00YjE5LTliMTMtMTVjNzg0Njk0YTY0Om1jMXgxNDBhZDU4NTI2ODA0NTk1ZjRlNzc0MzBjNGM2YWVmNGU3OWJlNzJkX3Yy
				Content-Type=application/x-www-form-urlencoded; charset=ISO-8859-1
Cookies:		<none>
Multiparts:		<none>
Body:			<none>
{
    "addressID": "923cd2e4-78d5-11ed-bb2c-7351f682acb6"
}
status response: 201
Tiempo respuesta: 314
923cd2e4-78d5-11ed-bb2c-7351f682acb6
Request method:	PUT
Request URI:	https://webapi.segundamano.mx/addresses/v1/modify/923cd2e4-78d5-11ed-bb2c-7351f682acb6
Proxy:			<none>
Request params:	<none>
Query params:	<none>
Form params:	contact=Reena Ruecker
				phone=9878675654
				rfc=XAXX010101000
				zipCode=11011
				exteriorInfo=Morelia 4567
				interiorInfo=440
				region=11
				municipality=300
				area=8082
				alias=La casa test
Path params:	<none>
Headers:		Accept=*/*
				Authorization=Basic Zjg0MjgzZmEtY2VlMy00YjE5LTliMTMtMTVjNzg0Njk0YTY0Om1jMXhmMDYzMGVmZmEzOWQ4NmEzN2RjZDc0Yjk2MmY2NDY2M2Y3OTcxNTdiX3Yy
				Content-Type=application/x-www-form-urlencoded; charset=ISO-8859-1
Cookies:		<none>
Multiparts:		<none>
Body:			<none>
{
    "message": "923cd2e4-78d5-11ed-bb2c-7351f682acb6 modified correctly"
}
status response: 200
Tiempo respuesta: 152
Request method:	POST
Request URI:	https://webapi.segundamano.mx/nga/api/v1.1/private/accounts?lang=es
Proxy:			<none>
Request params:	<none>
Query params:	lang=es
Form params:	<none>
Path params:	<none>
Headers:		Authorization=Basic dmVudGFzXzQ1MEBtYWlsaW5hdG9yLmNvbToxMjM0NQ==
				Accept=*/*
				Content-Type=application/json
Cookies:		<none>
Multiparts:		<none>
Body:
{
    "account": {
        "email": "ventas_450@mailinator.com"
    }
}
Account_ID: /private/accounts/12788464
Request method:	PATCH
Request URI:	https://webapi.segundamano.mx/nga/api/v1/private/accounts/23423
Proxy:			<none>
Request params:	<none>
Query params:	<none>
Form params:	<none>
Path params:	<none>
Headers:		Accept=*/*
				Authorization=tag:scmcoord.com,2013:api mc1xead6ce619c143dc5c2dd6c8733f97062e4873b43_v2
				Content-Type=application/json
Cookies:		<none>
Multiparts:		<none>
Body:
{
    "account": {
        "name": "Mrs. Tanner Dietrich",
        "phone": " 2345781823 ",
        "professional": false,
        "phone_hidden": false
    }
}
{
    "error": {
        "code": "FORBIDDEN"
    }
}
status response: 403
Tiempo respuesta: 512
Request method:	POST
Request URI:	https://webapi.segundamano.mx/nga/api/v1.1/private/accounts?lang=es
Proxy:			<none>
Request params:	<none>
Query params:	lang=es
Form params:	<none>
Path params:	<none>
Headers:		Authorization=Basic dmVudGFzXzQ1MEBtYWlsaW5hdG9yLmNvbToxMjM0NQ==
				Accept=*/*
				Content-Type=application/json
Cookies:		<none>
Multiparts:		<none>
Body:
{
    "account": {
        "email": "ventas_450@mailinator.com"
    }
}
Account_ID: /private/accounts/12788464
Token en la prueba crear anuncio mc1x1667db42c963cc172e8e2877935c0c97d75f9597_v2
Request method:	POST
Request URI:	https://webapi.segundamano.mx/v2/accounts/f84283fa-cee3-4b19-9b13-15c784694a64/up
Proxy:			<none>
Request params:	<none>
Query params:	<none>
Form params:	<none>
Path params:	<none>
Headers:		x-source=PHOENIX_DESKTOP
				Accept=*/*
				Authorization=Basic Zjg0MjgzZmEtY2VlMy00YjE5LTliMTMtMTVjNzg0Njk0YTY0Om1jMXgxNjY3ZGI0MmM5NjNjYzE3MmU4ZTI4Nzc5MzVjMGM5N2Q3NWY5NTk3X3Yy
				Content-Type=application/json
Cookies:		<none>
Multiparts:		<none>
Body:
{
    "images": "2500130844.jpg",
    "category": "4100",
    "subject": "Tasty compro estampillas para colecciÃ³n",
    "body": "Compra y venta e intercambio de estampillas para colecciÃ³n.",
    "is_new": "0",
    "region": "12",
    "municipality": "323",
    "area": "42205",
    "price": "559",
    "phone_hidden": "true",
    "show_phone": "false",
    "contact_phone": "408-859-6668"
}
{
    "data": {
        "ad": {
            "ad_id": "75091056",
            "subject": "Tasty compro estampillas para colecciÃ³n",
            "category": {
                "code": "4100",
                "label": "Coleccionismo",
                "parent": {
                    "code": "4000",
                    "label": "Tiempo libre"
                }
            },
            "region": {
                "code": "12",
                "label": "Durango"
            },
            "municipality": {
                "code": "323",
                "label": "El Oro"
            },
            "area": {
                "code": "42205",
                "label": "El Calvario"
            },
            "price": {
                "currency": "MXN",
                "value": 559
            },
            "thumbnail": {
                "base_url": "https://img.segundamano.mx",
                "path": "25/2500130844.jpg"
            }
        },
        "payment_info": {
            "payment_required": false,
            "title": "¡Vende más rápido con los Productos Premium!",
            "description": "Elige la opción que mejor se ajuste a tus necesidades",
            "products": [
                {
                    "id": "serv_free",
                    "name": "Anuncio básico",
                    "label": "Anuncio con exposición regular, tendrás menos visitas",
                    "description": "Anuncio con exposición regular, tendrás menos visitas",
                    "price": 0,
                    "most_popular": false,
                    "active": true,
                    "payment_methods": [
                        "pay_method_tokens"
                    ]
                },
                {
                    "id": "serv_daily",
                    "name": "Subir Diario",
                    "label": "Recibe hasta 5 veces más contactos en 7 días",
                    "description": "",
                    "price": 120,
                    "credits": 120,
                    "most_popular": false,
                    "active": true,
                    "payment_methods": [
                        "pay_method_paypal",
                        "pay_method_oxxo",
                        "pay_method_credit",
                        "pay_method_points"
                    ]
                },
                {
                    "id": "serv_premiumpackage_2",
                    "name": "Subir diario y Posición principal",
                    "label": "Recibe hasta 12 veces más contactos",
                    "description": "Sube tu anuncio todos los días durante 7 días y pon tu anuncio en la primera posición durante 3 días",
                    "price": 220,
                    "credits": 220,
                    "most_popular": true,
                    "active": true,
                    "tag": {
                        "slug": "tag_recommended",
                        "name": "RECOMENDADO"
                    },
                    "payment_methods": [
                        "pay_method_paypal",
                        "pay_method_oxxo",
                        "pay_method_credit",
                        "pay_method_points"
                    ]
                }
            ]
        }
    }
}
status response: 200
Tiempo respuesta: 2667
Request method:	PUT
Request URI:	https://webapi.segundamano.mx/v2/accounts/f84283fa-cee3-4b19-9b13-15c784694a64/up/75091056
Proxy:			<none>
Request params:	<none>
Query params:	<none>
Form params:	<none>
Path params:	<none>
Headers:		x-source=PHOENIX_DESKTOP
				Accept=*/*
				Authorization=Basic Zjg0MjgzZmEtY2VlMy00YjE5LTliMTMtMTVjNzg0Njk0YTY0Om1jMXgxNjY3ZGI0MmM5NjNjYzE3MmU4ZTI4Nzc5MzVjMGM5N2Q3NWY5NTk3X3Yy
				Content-Type=application/json
Cookies:		<none>
Multiparts:		<none>
Body:
{
    "images": "2500130844.jpg",
    "category": "4100",
    "subject": "Organizamos compra de estampillas para colecciÃ³n",
    "body": "Compra y venta e intercambio de estampillas para colecciÃ³n.",
    "is_new": "0",
    "region": "12",
    "municipality": "323",
    "area": "42205",
    "price": "442",
    "phone_hidden": "true",
    "show_phone": "false",
    "contact_phone": "408-859-6668"
}
{
    "data": {
        "ad": {
            "ad_id": "75091056",
            "subject": "Organizamos compra de estampillas para colecciÃ³n",
            "category": {
                "code": "4100",
                "label": "Coleccionismo",
                "parent": {
                    "code": "4000",
                    "label": "Tiempo libre"
                }
            },
            "region": {
                "code": "12",
                "label": "Durango"
            },
            "municipality": {
                "code": "323",
                "label": "El Oro"
            },
            "area": {
                "code": "42205",
                "label": "El Calvario"
            },
            "price": {
                "currency": "MXN",
                "value": 442
            },
            "thumbnail": {
                "base_url": "https://img.segundamano.mx",
                "path": "25/2500130844.jpg"
            }
        }
    }
}
Response: {
    "data": {
        "ad": {
            "ad_id": "75091056",
            "subject": "Organizamos compra de estampillas para colecciÃ³n",
            "category": {
                "code": "4100",
                "label": "Coleccionismo",
                "parent": {
                    "code": "4000",
                    "label": "Tiempo libre"
                }
            },
            "region": {
                "code": "12",
                "label": "Durango"
            },
            "municipality": {
                "code": "323",
                "label": "El Oro"
            },
            "area": {
                "code": "42205",
                "label": "El Calvario"
            },
            "price": {
                "currency": "MXN",
                "value": 442
            },
            "thumbnail": {
                "base_url": "https://img.segundamano.mx",
                "path": "25/2500130844.jpg"
            }
        }
    }
}
status response: 200
Tiempo respuesta: 2883
Request method:	POST
Request URI:	https://webapi.segundamano.mx/nga/api/v1.1/private/accounts?lang=es
Proxy:			<none>
Request params:	<none>
Query params:	lang=es
Form params:	<none>
Path params:	<none>
Headers:		Authorization=Basic dmVudGFzXzQ1MEBtYWlsaW5hdG9yLmNvbToxMjM0NQ==
				Accept=*/*
				Content-Type=application/json
Cookies:		<none>
Multiparts:		<none>
Body:
{
    "account": {
        "email": "ventas_450@mailinator.com"
    }
}
Account_ID: /private/accounts/12788464
Request method:	PUT
Request URI:	https://webapi.segundamano.mx/addresses/v1/modify/232
Proxy:			<none>
Request params:	<none>
Query params:	<none>
Form params:	contact=Jacelyn Strosin
				phone=9878675654
				rfc=XAXX010101000
				zipCode=11011
				exteriorInfo=Morelia 4567
				interiorInfo=316
				region=11
				municipality=300
				area=8082
				alias=La casa test
Path params:	<none>
Headers:		Accept=*/*
				Authorization=Basic Zjg0MjgzZmEtY2VlMy00YjE5LTliMTMtMTVjNzg0Njk0YTY0Om1jMXgwNGU0YWNjZDBmNjVkOWFkMDU4ZDExNWE0OGU3ZjU1MTVlMmQ2ZjJlX3Yy
				Content-Type=application/x-www-form-urlencoded; charset=ISO-8859-1
Cookies:		<none>
Multiparts:		<none>
Body:			<none>
{
    "error": "Error during update: can't find the address to update: pq: invalid input syntax for uuid: \"232\""
}
status response: 400
Tiempo respuesta: 322
Request method:	POST
Request URI:	https://webapi.segundamano.mx/nga/api/v1/private/accounts?lang=es
Proxy:			<none>
Request params:	<none>
Query params:	lang=es
Form params:	<none>
Path params:	<none>
Headers:		Authorization=Basic dmVudGFzXzQ1MEBtYWlsaW5hdG9yLmNvbToxMjM0NQ==
				Accept=*/*
				Content-Type=application/json
Cookies:		<none>
Multiparts:		<none>
Body:
{
    "account": {
        "email": "ventas_450@mailinator.com"
    }
}
{
    "access_token": "mc1xe8326ad8582a879e7cf742dc7128e67bab49d483_v2",
    "account": {
        "account_id": "/private/accounts/12788464",
        "can_publish": true,
        "email": "ventas_450@mailinator.com",
        "email_verified": true,
        "locations": [
            
        ],
        "name": "Leroy Lubowitz Sr.",
        "phone": " 2345781823 ",
        "phone_hidden": false,
        "professional": false,
        "rfc": "XAXX010101000",
        "uuid": "f84283fa-cee3-4b19-9b13-15c784694a64"
    },
    "ad_events": {
        "24h": {
            "calls": 0,
            "mails": 0,
            "phone_view_leads": 0,
            "phone_views": 0,
            "views": 0
        },
        "7d": {
            "calls": 0,
            "mails": 0,
            "phone_view_leads": 0,
            "phone_views": 0,
            "views": 0
        },
        "total": {
            "calls": 0,
            "mails": 0,
            "phone_view_leads": 0,
            "phone_views": 0,
            "views": 0
        }
    },
    "token_type": "tag:scmcoord.com,2013:api"
}
Response: {
    "access_token": "mc1xe8326ad8582a879e7cf742dc7128e67bab49d483_v2",
    "account": {
        "account_id": "/private/accounts/12788464",
        "can_publish": true,
        "email": "ventas_450@mailinator.com",
        "email_verified": true,
        "locations": [
            
        ],
        "name": "Leroy Lubowitz Sr.",
        "phone": " 2345781823 ",
        "phone_hidden": false,
        "professional": false,
        "rfc": "XAXX010101000",
        "uuid": "f84283fa-cee3-4b19-9b13-15c784694a64"
    },
    "ad_events": {
        "24h": {
            "calls": 0,
            "mails": 0,
            "phone_view_leads": 0,
            "phone_views": 0,
            "views": 0
        },
        "7d": {
            "calls": 0,
            "mails": 0,
            "phone_view_leads": 0,
            "phone_views": 0,
            "views": 0
        },
        "total": {
            "calls": 0,
            "mails": 0,
            "phone_view_leads": 0,
            "phone_views": 0,
            "views": 0
        }
    },
    "token_type": "tag:scmcoord.com,2013:api"
}
status response: 200
Tiempo respuesta: 1627
Token: mc1xe8326ad8582a879e7cf742dc7128e67bab49d483_v2
Account_ID: /private/accounts/12788464
uuid: f84283fa-cee3-4b19-9b13-15c784694a64
Request method:	POST
Request URI:	https://webapi.segundamano.mx/nga/api/v1.1/private/accounts?lang=es
Proxy:			<none>
Request params:	<none>
Query params:	lang=es
Form params:	<none>
Path params:	<none>
Headers:		Authorization=Basic dmVudGFzXzQ1MEBtYWlsaW5hdG9yLmNvbToxMjM0NQ==
				Accept=*/*
				Content-Type=application/json
Cookies:		<none>
Multiparts:		<none>
Body:
{
    "account": {
        "email": "ventas_450@mailinator.com"
    }
}
Account_ID: /private/accounts/12788464
Request method:	PATCH
Request URI:	https://webapi.segundamano.mx/nga/api/v1/private/accounts/12788464
Proxy:			<none>
Request params:	<none>
Query params:	<none>
Form params:	<none>
Path params:	<none>
Headers:		Accept=*/*
				Authorization=tag:scmcoord.com,2013:api mc1x51ba99865cd80ccf2e2020c2d19c1691e3fb1b29_v2
				Content-Type=application/json
Cookies:		<none>
Multiparts:		<none>
Body:
{
    "account": {
        "name": "Melina Klocko",
        "phone": " 2345781823 ",
        "professional": true,
        "phone_hidden": true
    }
}
{
    "account": {
        "account_id": "/private/accounts/12788464",
        "can_publish": true,
        "email": "ventas_450@mailinator.com",
        "email_verified": true,
        "locations": [
            
        ],
        "name": "Melina Klocko",
        "phone": " 2345781823 ",
        "phone_hidden": true,
        "professional": true,
        "rfc": "XAXX010101000",
        "uuid": "f84283fa-cee3-4b19-9b13-15c784694a64"
    }
}
status response: 200
Tiempo respuesta: 736
Request method:	GET
Request URI:	https://webapi.segundamano.mx/highlights/v1/public/highlights?prio=1&cat=1100&lim=16
Proxy:			<none>
Request params:	<none>
Query params:	prio=1
				cat=1100
				lim=16
Form params:	<none>
Path params:	<none>
Headers:		Accept=application/json, text/plain, */*
Cookies:		<none>
Multiparts:		<none>
Body:			<none>
{
    "data": {
        "items": [
            {
                "list_id": "/public/ads/928944989",
                "subject": "Cumbres Barreal",
                "thumbnail": {
                    "base_url": "http://img.segundamano.mx",
                    "media_id": "/public/media/ad/0251850249",
                    "path": "02/0251850249.jpg"
                },
                "rooms": "2",
                "bathrooms": "3",
                "size": "118 m²",
                "prices": [
                    {
                        "currency": "MXN",
                        "label": "$3,343,000"
                    }
                ],
                "locations": [
                    {
                        "code": "23",
                        "key": "region",
                        "label": "Puebla",
                        "locations": [
                            {
                                "code": "1704",
                                "key": "municipality",
                                "label": "San Andrés Cholula",
                                "locations": [
                                    {
                                        "code": "54174",
                                        "key": "area",
                                        "label": "El Barreal"
                                    }
                                ]
                            }
                        ]
                    }
                ]
            },
            {
                "list_id": "/public/ads/928944989",
                "subject": "Cumbres Barreal",
                "thumbnail": {
                    "base_url": "http://img.segundamano.mx",
                    "media_id": "/public/media/ad/0251850249",
                    "path": "02/0251850249.jpg"
                },
                "rooms": "2",
                "bathrooms": "3",
                "size": "118 m²",
                "prices": [
                    {
                        "currency": "MXN",
                        "label": "$3,343,000"
                    }
                ],
                "locations": [
                    {
                        "code": "23",
                        "key": "region",
                        "label": "Puebla",
                        "locations": [
                            {
                                "code": "1704",
                                "key": "municipality",
                                "label": "San Andrés Cholula",
                                "locations": [
                                    {
                                        "code": "54174",
                                        "key": "area",
                                        "label": "El Barreal"
                                    }
                                ]
                            }
                        ]
                    }
                ]
            },
            {
                "list_id": "/public/ads/928944989",
                "subject": "Cumbres Barreal",
                "thumbnail": {
                    "base_url": "http://img.segundamano.mx",
                    "media_id": "/public/media/ad/0251850249",
                    "path": "02/0251850249.jpg"
                },
                "rooms": "2",
                "bathrooms": "3",
                "size": "118 m²",
                "prices": [
                    {
                        "currency": "MXN",
                        "label": "$3,343,000"
                    }
                ],
                "locations": [
                    {
                        "code": "23",
                        "key": "region",
                        "label": "Puebla",
                        "locations": [
                            {
                                "code": "1704",
                                "key": "municipality",
                                "label": "San Andrés Cholula",
                                "locations": [
                                    {
                                        "code": "54174",
                                        "key": "area",
                                        "label": "El Barreal"
                                    }
                                ]
                            }
                        ]
                    }
                ]
            },
            {
                "list_id": "/public/ads/928944989",
                "subject": "Cumbres Barreal",
                "thumbnail": {
                    "base_url": "http://img.segundamano.mx",
                    "media_id": "/public/media/ad/0251850249",
                    "path": "02/0251850249.jpg"
                },
                "rooms": "2",
                "bathrooms": "3",
                "size": "118 m²",
                "prices": [
                    {
                        "currency": "MXN",
                        "label": "$3,343,000"
                    }
                ],
                "locations": [
                    {
                        "code": "23",
                        "key": "region",
                        "label": "Puebla",
                        "locations": [
                            {
                                "code": "1704",
                                "key": "municipality",
                                "label": "San Andrés Cholula",
                                "locations": [
                                    {
                                        "code": "54174",
                                        "key": "area",
                                        "label": "El Barreal"
                                    }
                                ]
                            }
                        ]
                    }
                ]
            },
            {
                "list_id": "/public/ads/928944989",
                "subject": "Cumbres Barreal",
                "thumbnail": {
                    "base_url": "http://img.segundamano.mx",
                    "media_id": "/public/media/ad/0251850249",
                    "path": "02/0251850249.jpg"
                },
                "rooms": "2",
                "bathrooms": "3",
                "size": "118 m²",
                "prices": [
                    {
                        "currency": "MXN",
                        "label": "$3,343,000"
                    }
                ],
                "locations": [
                    {
                        "code": "23",
                        "key": "region",
                        "label": "Puebla",
                        "locations": [
                            {
                                "code": "1704",
                                "key": "municipality",
                                "label": "San Andrés Cholula",
                                "locations": [
                                    {
                                        "code": "54174",
                                        "key": "area",
                                        "label": "El Barreal"
                                    }
                                ]
                            }
                        ]
                    }
                ]
            },
            {
                "list_id": "/public/ads/928944989",
                "subject": "Cumbres Barreal",
                "thumbnail": {
                    "base_url": "http://img.segundamano.mx",
                    "media_id": "/public/media/ad/0251850249",
                    "path": "02/0251850249.jpg"
                },
                "rooms": "2",
                "bathrooms": "3",
                "size": "118 m²",
                "prices": [
                    {
                        "currency": "MXN",
                        "label": "$3,343,000"
                    }
                ],
                "locations": [
                    {
                        "code": "23",
                        "key": "region",
                        "label": "Puebla",
                        "locations": [
                            {
                                "code": "1704",
                                "key": "municipality",
                                "label": "San Andrés Cholula",
                                "locations": [
                                    {
                                        "code": "54174",
                                        "key": "area",
                                        "label": "El Barreal"
                                    }
                                ]
                            }
                        ]
                    }
                ]
            },
            {
                "list_id": "/public/ads/928944989",
                "subject": "Cumbres Barreal",
                "thumbnail": {
                    "base_url": "http://img.segundamano.mx",
                    "media_id": "/public/media/ad/0251850249",
                    "path": "02/0251850249.jpg"
                },
                "rooms": "2",
                "bathrooms": "3",
                "size": "118 m²",
                "prices": [
                    {
                        "currency": "MXN",
                        "label": "$3,343,000"
                    }
                ],
                "locations": [
                    {
                        "code": "23",
                        "key": "region",
                        "label": "Puebla",
                        "locations": [
                            {
                                "code": "1704",
                                "key": "municipality",
                                "label": "San Andrés Cholula",
                                "locations": [
                                    {
                                        "code": "54174",
                                        "key": "area",
                                        "label": "El Barreal"
                                    }
                                ]
                            }
                        ]
                    }
                ]
            },
            {
                "list_id": "/public/ads/928944989",
                "subject": "Cumbres Barreal",
                "thumbnail": {
                    "base_url": "http://img.segundamano.mx",
                    "media_id": "/public/media/ad/0251850249",
                    "path": "02/0251850249.jpg"
                },
                "rooms": "2",
                "bathrooms": "3",
                "size": "118 m²",
                "prices": [
                    {
                        "currency": "MXN",
                        "label": "$3,343,000"
                    }
                ],
                "locations": [
                    {
                        "code": "23",
                        "key": "region",
                        "label": "Puebla",
                        "locations": [
                            {
                                "code": "1704",
                                "key": "municipality",
                                "label": "San Andrés Cholula",
                                "locations": [
                                    {
                                        "code": "54174",
                                        "key": "area",
                                        "label": "El Barreal"
                                    }
                                ]
                            }
                        ]
                    }
                ]
            },
            {
                "list_id": "/public/ads/928944989",
                "subject": "Cumbres Barreal",
                "thumbnail": {
                    "base_url": "http://img.segundamano.mx",
                    "media_id": "/public/media/ad/0251850249",
                    "path": "02/0251850249.jpg"
                },
                "rooms": "2",
                "bathrooms": "3",
                "size": "118 m²",
                "prices": [
                    {
                        "currency": "MXN",
                        "label": "$3,343,000"
                    }
                ],
                "locations": [
                    {
                        "code": "23",
                        "key": "region",
                        "label": "Puebla",
                        "locations": [
                            {
                                "code": "1704",
                                "key": "municipality",
                                "label": "San Andrés Cholula",
                                "locations": [
                                    {
                                        "code": "54174",
                                        "key": "area",
                                        "label": "El Barreal"
                                    }
                                ]
                            }
                        ]
                    }
                ]
            },
            {
                "list_id": "/public/ads/928944989",
                "subject": "Cumbres Barreal",
                "thumbnail": {
                    "base_url": "http://img.segundamano.mx",
                    "media_id": "/public/media/ad/0251850249",
                    "path": "02/0251850249.jpg"
                },
                "rooms": "2",
                "bathrooms": "3",
                "size": "118 m²",
                "prices": [
                    {
                        "currency": "MXN",
                        "label": "$3,343,000"
                    }
                ],
                "locations": [
                    {
                        "code": "23",
                        "key": "region",
                        "label": "Puebla",
                        "locations": [
                            {
                                "code": "1704",
                                "key": "municipality",
                                "label": "San Andrés Cholula",
                                "locations": [
                                    {
                                        "code": "54174",
                                        "key": "area",
                                        "label": "El Barreal"
                                    }
                                ]
                            }
                        ]
                    }
                ]
            },
            {
                "list_id": "/public/ads/928944989",
                "subject": "Cumbres Barreal",
                "thumbnail": {
                    "base_url": "http://img.segundamano.mx",
                    "media_id": "/public/media/ad/0251850249",
                    "path": "02/0251850249.jpg"
                },
                "rooms": "2",
                "bathrooms": "3",
                "size": "118 m²",
                "prices": [
                    {
                        "currency": "MXN",
                        "label": "$3,343,000"
                    }
                ],
                "locations": [
                    {
                        "code": "23",
                        "key": "region",
                        "label": "Puebla",
                        "locations": [
                            {
                                "code": "1704",
                                "key": "municipality",
                                "label": "San Andrés Cholula",
                                "locations": [
                                    {
                                        "code": "54174",
                                        "key": "area",
                                        "label": "El Barreal"
                                    }
                                ]
                            }
                        ]
                    }
                ]
            },
            {
                "list_id": "/public/ads/928944989",
                "subject": "Cumbres Barreal",
                "thumbnail": {
                    "base_url": "http://img.segundamano.mx",
                    "media_id": "/public/media/ad/0251850249",
                    "path": "02/0251850249.jpg"
                },
                "rooms": "2",
                "bathrooms": "3",
                "size": "118 m²",
                "prices": [
                    {
                        "currency": "MXN",
                        "label": "$3,343,000"
                    }
                ],
                "locations": [
                    {
                        "code": "23",
                        "key": "region",
                        "label": "Puebla",
                        "locations": [
                            {
                                "code": "1704",
                                "key": "municipality",
                                "label": "San Andrés Cholula",
                                "locations": [
                                    {
                                        "code": "54174",
                                        "key": "area",
                                        "label": "El Barreal"
                                    }
                                ]
                            }
                        ]
                    }
                ]
            },
            {
                "list_id": "/public/ads/928944989",
                "subject": "Cumbres Barreal",
                "thumbnail": {
                    "base_url": "http://img.segundamano.mx",
                    "media_id": "/public/media/ad/0251850249",
                    "path": "02/0251850249.jpg"
                },
                "rooms": "2",
                "bathrooms": "3",
                "size": "118 m²",
                "prices": [
                    {
                        "currency": "MXN",
                        "label": "$3,343,000"
                    }
                ],
                "locations": [
                    {
                        "code": "23",
                        "key": "region",
                        "label": "Puebla",
                        "locations": [
                            {
                                "code": "1704",
                                "key": "municipality",
                                "label": "San Andrés Cholula",
                                "locations": [
                                    {
                                        "code": "54174",
                                        "key": "area",
                                        "label": "El Barreal"
                                    }
                                ]
                            }
                        ]
                    }
                ]
            },
            {
                "list_id": "/public/ads/928944989",
                "subject": "Cumbres Barreal",
                "thumbnail": {
                    "base_url": "http://img.segundamano.mx",
                    "media_id": "/public/media/ad/0251850249",
                    "path": "02/0251850249.jpg"
                },
                "rooms": "2",
                "bathrooms": "3",
                "size": "118 m²",
                "prices": [
                    {
                        "currency": "MXN",
                        "label": "$3,343,000"
                    }
                ],
                "locations": [
                    {
                        "code": "23",
                        "key": "region",
                        "label": "Puebla",
                        "locations": [
                            {
                                "code": "1704",
                                "key": "municipality",
                                "label": "San Andrés Cholula",
                                "locations": [
                                    {
                                        "code": "54174",
                                        "key": "area",
                                        "label": "El Barreal"
                                    }
                                ]
                            }
                        ]
                    }
                ]
            },
            {
                "list_id": "/public/ads/928944989",
                "subject": "Cumbres Barreal",
                "thumbnail": {
                    "base_url": "http://img.segundamano.mx",
                    "media_id": "/public/media/ad/0251850249",
                    "path": "02/0251850249.jpg"
                },
                "rooms": "2",
                "bathrooms": "3",
                "size": "118 m²",
                "prices": [
                    {
                        "currency": "MXN",
                        "label": "$3,343,000"
                    }
                ],
                "locations": [
                    {
                        "code": "23",
                        "key": "region",
                        "label": "Puebla",
                        "locations": [
                            {
                                "code": "1704",
                                "key": "municipality",
                                "label": "San Andrés Cholula",
                                "locations": [
                                    {
                                        "code": "54174",
                                        "key": "area",
                                        "label": "El Barreal"
                                    }
                                ]
                            }
                        ]
                    }
                ]
            },
            {
                "list_id": "/public/ads/928944989",
                "subject": "Cumbres Barreal",
                "thumbnail": {
                    "base_url": "http://img.segundamano.mx",
                    "media_id": "/public/media/ad/0251850249",
                    "path": "02/0251850249.jpg"
                },
                "rooms": "2",
                "bathrooms": "3",
                "size": "118 m²",
                "prices": [
                    {
                        "currency": "MXN",
                        "label": "$3,343,000"
                    }
                ],
                "locations": [
                    {
                        "code": "23",
                        "key": "region",
                        "label": "Puebla",
                        "locations": [
                            {
                                "code": "1704",
                                "key": "municipality",
                                "label": "San Andrés Cholula",
                                "locations": [
                                    {
                                        "code": "54174",
                                        "key": "area",
                                        "label": "El Barreal"
                                    }
                                ]
                            }
                        ]
                    }
                ]
            }
        ]
    }
}
Response: {
    "data": {
        "items": [
            {
                "list_id": "/public/ads/928944989",
                "subject": "Cumbres Barreal",
                "thumbnail": {
                    "base_url": "http://img.segundamano.mx",
                    "media_id": "/public/media/ad/0251850249",
                    "path": "02/0251850249.jpg"
                },
                "rooms": "2",
                "bathrooms": "3",
                "size": "118 m²",
                "prices": [
                    {
                        "currency": "MXN",
                        "label": "$3,343,000"
                    }
                ],
                "locations": [
                    {
                        "code": "23",
                        "key": "region",
                        "label": "Puebla",
                        "locations": [
                            {
                                "code": "1704",
                                "key": "municipality",
                                "label": "San Andrés Cholula",
                                "locations": [
                                    {
                                        "code": "54174",
                                        "key": "area",
                                        "label": "El Barreal"
                                    }
                                ]
                            }
                        ]
                    }
                ]
            },
            {
                "list_id": "/public/ads/928944989",
                "subject": "Cumbres Barreal",
                "thumbnail": {
                    "base_url": "http://img.segundamano.mx",
                    "media_id": "/public/media/ad/0251850249",
                    "path": "02/0251850249.jpg"
                },
                "rooms": "2",
                "bathrooms": "3",
                "size": "118 m²",
                "prices": [
                    {
                        "currency": "MXN",
                        "label": "$3,343,000"
                    }
                ],
                "locations": [
                    {
                        "code": "23",
                        "key": "region",
                        "label": "Puebla",
                        "locations": [
                            {
                                "code": "1704",
                                "key": "municipality",
                                "label": "San Andrés Cholula",
                                "locations": [
                                    {
                                        "code": "54174",
                                        "key": "area",
                                        "label": "El Barreal"
                                    }
                                ]
                            }
                        ]
                    }
                ]
            },
            {
                "list_id": "/public/ads/928944989",
                "subject": "Cumbres Barreal",
                "thumbnail": {
                    "base_url": "http://img.segundamano.mx",
                    "media_id": "/public/media/ad/0251850249",
                    "path": "02/0251850249.jpg"
                },
                "rooms": "2",
                "bathrooms": "3",
                "size": "118 m²",
                "prices": [
                    {
                        "currency": "MXN",
                        "label": "$3,343,000"
                    }
                ],
                "locations": [
                    {
                        "code": "23",
                        "key": "region",
                        "label": "Puebla",
                        "locations": [
                            {
                                "code": "1704",
                                "key": "municipality",
                                "label": "San Andrés Cholula",
                                "locations": [
                                    {
                                        "code": "54174",
                                        "key": "area",
                                        "label": "El Barreal"
                                    }
                                ]
                            }
                        ]
                    }
                ]
            },
            {
                "list_id": "/public/ads/928944989",
                "subject": "Cumbres Barreal",
                "thumbnail": {
                    "base_url": "http://img.segundamano.mx",
                    "media_id": "/public/media/ad/0251850249",
                    "path": "02/0251850249.jpg"
                },
                "rooms": "2",
                "bathrooms": "3",
                "size": "118 m²",
                "prices": [
                    {
                        "currency": "MXN",
                        "label": "$3,343,000"
                    }
                ],
                "locations": [
                    {
                        "code": "23",
                        "key": "region",
                        "label": "Puebla",
                        "locations": [
                            {
                                "code": "1704",
                                "key": "municipality",
                                "label": "San Andrés Cholula",
                                "locations": [
                                    {
                                        "code": "54174",
                                        "key": "area",
                                        "label": "El Barreal"
                                    }
                                ]
                            }
                        ]
                    }
                ]
            },
            {
                "list_id": "/public/ads/928944989",
                "subject": "Cumbres Barreal",
                "thumbnail": {
                    "base_url": "http://img.segundamano.mx",
                    "media_id": "/public/media/ad/0251850249",
                    "path": "02/0251850249.jpg"
                },
                "rooms": "2",
                "bathrooms": "3",
                "size": "118 m²",
                "prices": [
                    {
                        "currency": "MXN",
                        "label": "$3,343,000"
                    }
                ],
                "locations": [
                    {
                        "code": "23",
                        "key": "region",
                        "label": "Puebla",
                        "locations": [
                            {
                                "code": "1704",
                                "key": "municipality",
                                "label": "San Andrés Cholula",
                                "locations": [
                                    {
                                        "code": "54174",
                                        "key": "area",
                                        "label": "El Barreal"
                                    }
                                ]
                            }
                        ]
                    }
                ]
            },
            {
                "list_id": "/public/ads/928944989",
                "subject": "Cumbres Barreal",
                "thumbnail": {
                    "base_url": "http://img.segundamano.mx",
                    "media_id": "/public/media/ad/0251850249",
                    "path": "02/0251850249.jpg"
                },
                "rooms": "2",
                "bathrooms": "3",
                "size": "118 m²",
                "prices": [
                    {
                        "currency": "MXN",
                        "label": "$3,343,000"
                    }
                ],
                "locations": [
                    {
                        "code": "23",
                        "key": "region",
                        "label": "Puebla",
                        "locations": [
                            {
                                "code": "1704",
                                "key": "municipality",
                                "label": "San Andrés Cholula",
                                "locations": [
                                    {
                                        "code": "54174",
                                        "key": "area",
                                        "label": "El Barreal"
                                    }
                                ]
                            }
                        ]
                    }
                ]
            },
            {
                "list_id": "/public/ads/928944989",
                "subject": "Cumbres Barreal",
                "thumbnail": {
                    "base_url": "http://img.segundamano.mx",
                    "media_id": "/public/media/ad/0251850249",
                    "path": "02/0251850249.jpg"
                },
                "rooms": "2",
                "bathrooms": "3",
                "size": "118 m²",
                "prices": [
                    {
                        "currency": "MXN",
                        "label": "$3,343,000"
                    }
                ],
                "locations": [
                    {
                        "code": "23",
                        "key": "region",
                        "label": "Puebla",
                        "locations": [
                            {
                                "code": "1704",
                                "key": "municipality",
                                "label": "San Andrés Cholula",
                                "locations": [
                                    {
                                        "code": "54174",
                                        "key": "area",
                                        "label": "El Barreal"
                                    }
                                ]
                            }
                        ]
                    }
                ]
            },
            {
                "list_id": "/public/ads/928944989",
                "subject": "Cumbres Barreal",
                "thumbnail": {
                    "base_url": "http://img.segundamano.mx",
                    "media_id": "/public/media/ad/0251850249",
                    "path": "02/0251850249.jpg"
                },
                "rooms": "2",
                "bathrooms": "3",
                "size": "118 m²",
                "prices": [
                    {
                        "currency": "MXN",
                        "label": "$3,343,000"
                    }
                ],
                "locations": [
                    {
                        "code": "23",
                        "key": "region",
                        "label": "Puebla",
                        "locations": [
                            {
                                "code": "1704",
                                "key": "municipality",
                                "label": "San Andrés Cholula",
                                "locations": [
                                    {
                                        "code": "54174",
                                        "key": "area",
                                        "label": "El Barreal"
                                    }
                                ]
                            }
                        ]
                    }
                ]
            },
            {
                "list_id": "/public/ads/928944989",
                "subject": "Cumbres Barreal",
                "thumbnail": {
                    "base_url": "http://img.segundamano.mx",
                    "media_id": "/public/media/ad/0251850249",
                    "path": "02/0251850249.jpg"
                },
                "rooms": "2",
                "bathrooms": "3",
                "size": "118 m²",
                "prices": [
                    {
                        "currency": "MXN",
                        "label": "$3,343,000"
                    }
                ],
                "locations": [
                    {
                        "code": "23",
                        "key": "region",
                        "label": "Puebla",
                        "locations": [
                            {
                                "code": "1704",
                                "key": "municipality",
                                "label": "San Andrés Cholula",
                                "locations": [
                                    {
                                        "code": "54174",
                                        "key": "area",
                                        "label": "El Barreal"
                                    }
                                ]
                            }
                        ]
                    }
                ]
            },
            {
                "list_id": "/public/ads/928944989",
                "subject": "Cumbres Barreal",
                "thumbnail": {
                    "base_url": "http://img.segundamano.mx",
                    "media_id": "/public/media/ad/0251850249",
                    "path": "02/0251850249.jpg"
                },
                "rooms": "2",
                "bathrooms": "3",
                "size": "118 m²",
                "prices": [
                    {
                        "currency": "MXN",
                        "label": "$3,343,000"
                    }
                ],
                "locations": [
                    {
                        "code": "23",
                        "key": "region",
                        "label": "Puebla",
                        "locations": [
                            {
                                "code": "1704",
                                "key": "municipality",
                                "label": "San Andrés Cholula",
                                "locations": [
                                    {
                                        "code": "54174",
                                        "key": "area",
                                        "label": "El Barreal"
                                    }
                                ]
                            }
                        ]
                    }
                ]
            },
            {
                "list_id": "/public/ads/928944989",
                "subject": "Cumbres Barreal",
                "thumbnail": {
                    "base_url": "http://img.segundamano.mx",
                    "media_id": "/public/media/ad/0251850249",
                    "path": "02/0251850249.jpg"
                },
                "rooms": "2",
                "bathrooms": "3",
                "size": "118 m²",
                "prices": [
                    {
                        "currency": "MXN",
                        "label": "$3,343,000"
                    }
                ],
                "locations": [
                    {
                        "code": "23",
                        "key": "region",
                        "label": "Puebla",
                        "locations": [
                            {
                                "code": "1704",
                                "key": "municipality",
                                "label": "San Andrés Cholula",
                                "locations": [
                                    {
                                        "code": "54174",
                                        "key": "area",
                                        "label": "El Barreal"
                                    }
                                ]
                            }
                        ]
                    }
                ]
            },
            {
                "list_id": "/public/ads/928944989",
                "subject": "Cumbres Barreal",
                "thumbnail": {
                    "base_url": "http://img.segundamano.mx",
                    "media_id": "/public/media/ad/0251850249",
                    "path": "02/0251850249.jpg"
                },
                "rooms": "2",
                "bathrooms": "3",
                "size": "118 m²",
                "prices": [
                    {
                        "currency": "MXN",
                        "label": "$3,343,000"
                    }
                ],
                "locations": [
                    {
                        "code": "23",
                        "key": "region",
                        "label": "Puebla",
                        "locations": [
                            {
                                "code": "1704",
                                "key": "municipality",
                                "label": "San Andrés Cholula",
                                "locations": [
                                    {
                                        "code": "54174",
                                        "key": "area",
                                        "label": "El Barreal"
                                    }
                                ]
                            }
                        ]
                    }
                ]
            },
            {
                "list_id": "/public/ads/928944989",
                "subject": "Cumbres Barreal",
                "thumbnail": {
                    "base_url": "http://img.segundamano.mx",
                    "media_id": "/public/media/ad/0251850249",
                    "path": "02/0251850249.jpg"
                },
                "rooms": "2",
                "bathrooms": "3",
                "size": "118 m²",
                "prices": [
                    {
                        "currency": "MXN",
                        "label": "$3,343,000"
                    }
                ],
                "locations": [
                    {
                        "code": "23",
                        "key": "region",
                        "label": "Puebla",
                        "locations": [
                            {
                                "code": "1704",
                                "key": "municipality",
                                "label": "San Andrés Cholula",
                                "locations": [
                                    {
                                        "code": "54174",
                                        "key": "area",
                                        "label": "El Barreal"
                                    }
                                ]
                            }
                        ]
                    }
                ]
            },
            {
                "list_id": "/public/ads/928944989",
                "subject": "Cumbres Barreal",
                "thumbnail": {
                    "base_url": "http://img.segundamano.mx",
                    "media_id": "/public/media/ad/0251850249",
                    "path": "02/0251850249.jpg"
                },
                "rooms": "2",
                "bathrooms": "3",
                "size": "118 m²",
                "prices": [
                    {
                        "currency": "MXN",
                        "label": "$3,343,000"
                    }
                ],
                "locations": [
                    {
                        "code": "23",
                        "key": "region",
                        "label": "Puebla",
                        "locations": [
                            {
                                "code": "1704",
                                "key": "municipality",
                                "label": "San Andrés Cholula",
                                "locations": [
                                    {
                                        "code": "54174",
                                        "key": "area",
                                        "label": "El Barreal"
                                    }
                                ]
                            }
                        ]
                    }
                ]
            },
            {
                "list_id": "/public/ads/928944989",
                "subject": "Cumbres Barreal",
                "thumbnail": {
                    "base_url": "http://img.segundamano.mx",
                    "media_id": "/public/media/ad/0251850249",
                    "path": "02/0251850249.jpg"
                },
                "rooms": "2",
                "bathrooms": "3",
                "size": "118 m²",
                "prices": [
                    {
                        "currency": "MXN",
                        "label": "$3,343,000"
                    }
                ],
                "locations": [
                    {
                        "code": "23",
                        "key": "region",
                        "label": "Puebla",
                        "locations": [
                            {
                                "code": "1704",
                                "key": "municipality",
                                "label": "San Andrés Cholula",
                                "locations": [
                                    {
                                        "code": "54174",
                                        "key": "area",
                                        "label": "El Barreal"
                                    }
                                ]
                            }
                        ]
                    }
                ]
            },
            {
                "list_id": "/public/ads/928944989",
                "subject": "Cumbres Barreal",
                "thumbnail": {
                    "base_url": "http://img.segundamano.mx",
                    "media_id": "/public/media/ad/0251850249",
                    "path": "02/0251850249.jpg"
                },
                "rooms": "2",
                "bathrooms": "3",
                "size": "118 m²",
                "prices": [
                    {
                        "currency": "MXN",
                        "label": "$3,343,000"
                    }
                ],
                "locations": [
                    {
                        "code": "23",
                        "key": "region",
                        "label": "Puebla",
                        "locations": [
                            {
                                "code": "1704",
                                "key": "municipality",
                                "label": "San Andrés Cholula",
                                "locations": [
                                    {
                                        "code": "54174",
                                        "key": "area",
                                        "label": "El Barreal"
                                    }
                                ]
                            }
                        ]
                    }
                ]
            }
        ]
    }
}
status response: 200
Tiempo respuesta: 367
Request method:	POST
Request URI:	https://webapi.segundamano.mx/nga/api/v1.1/private/accounts?lang=es
Proxy:			<none>
Request params:	<none>
Query params:	lang=es
Form params:	<none>
Path params:	<none>
Headers:		Authorization=Basic dmVudGFzXzQ1MEBtYWlsaW5hdG9yLmNvbToxMjM0NQ==
				Accept=*/*
				Content-Type=application/json
Cookies:		<none>
Multiparts:		<none>
Body:
{
    "account": {
        "email": "ventas_450@mailinator.com"
    }
}
Account_ID: /private/accounts/12788464
Token en la prueba crear anuncio mc1x7f12bc37492ae23d08d65bfc70d2cca4ff72bfe0_v2
Request method:	POST
Request URI:	https://webapi.segundamano.mx/v2/accounts/f84283fa-cee3-4b19-9b13-15c784694a64/up
Proxy:			<none>
Request params:	<none>
Query params:	<none>
Form params:	<none>
Path params:	<none>
Headers:		x-source=PHOENIX_DESKTOP
				Accept=*/*
				Authorization=Basic Zjg0MjgzZmEtY2VlMy00YjE5LTliMTMtMTVjNzg0Njk0YTY0Om1jMXg3ZjEyYmMzNzQ5MmFlMjNkMDhkNjViZmM3MGQyY2NhNGZmNzJiZmUwX3Yy
				Content-Type=application/json
Cookies:		<none>
Multiparts:		<none>
Body:
{
    "images": "2500130844.jpg",
    "category": "4100",
    "subject": "Tasty compro estampillas para colecciÃ³n",
    "body": "Compra y venta e intercambio de estampillas para colecciÃ³n.",
    "is_new": "0",
    "region": "12",
    "municipality": "323",
    "area": "42205",
    "price": "559",
    "phone_hidden": "true",
    "show_phone": "false",
    "contact_phone": "408-859-6668"
}
{
    "data": {
        "ad": {
            "ad_id": "75091057",
            "subject": "Tasty compro estampillas para colecciÃ³n",
            "category": {
                "code": "4100",
                "label": "Coleccionismo",
                "parent": {
                    "code": "4000",
                    "label": "Tiempo libre"
                }
            },
            "region": {
                "code": "12",
                "label": "Durango"
            },
            "municipality": {
                "code": "323",
                "label": "El Oro"
            },
            "area": {
                "code": "42205",
                "label": "El Calvario"
            },
            "price": {
                "currency": "MXN",
                "value": 559
            },
            "thumbnail": {
                "base_url": "https://img.segundamano.mx",
                "path": "25/2500130844.jpg"
            }
        },
        "payment_info": {
            "payment_required": false,
            "title": "¡Vende más rápido con los Productos Premium!",
            "description": "Elige la opción que mejor se ajuste a tus necesidades",
            "products": [
                {
                    "id": "serv_free",
                    "name": "Anuncio básico",
                    "label": "Anuncio con exposición regular, tendrás menos visitas",
                    "description": "Anuncio con exposición regular, tendrás menos visitas",
                    "price": 0,
                    "most_popular": false,
                    "active": true,
                    "payment_methods": [
                        "pay_method_tokens"
                    ]
                },
                {
                    "id": "serv_daily",
                    "name": "Subir Diario",
                    "label": "Recibe hasta 5 veces más contactos en 7 días",
                    "description": "",
                    "price": 120,
                    "credits": 120,
                    "most_popular": false,
                    "active": true,
                    "payment_methods": [
                        "pay_method_credit",
                        "pay_method_points",
                        "pay_method_oxxo",
                        "pay_method_paypal"
                    ]
                },
                {
                    "id": "serv_premiumpackage_2",
                    "name": "Subir diario y Posición principal",
                    "label": "Recibe hasta 12 veces más contactos",
                    "description": "Sube tu anuncio todos los días durante 7 días y pon tu anuncio en la primera posición durante 3 días",
                    "price": 220,
                    "credits": 220,
                    "most_popular": true,
                    "active": true,
                    "tag": {
                        "slug": "tag_recommended",
                        "name": "RECOMENDADO"
                    },
                    "payment_methods": [
                        "pay_method_credit",
                        "pay_method_points",
                        "pay_method_oxxo",
                        "pay_method_paypal"
                    ]
                }
            ]
        }
    }
}
status response: 200
Tiempo respuesta: 2690
Request method:	POST
Request URI:	https://webapi.segundamano.mx/urls/v1/public/ad-view?lang=es
Proxy:			<none>
Request params:	<none>
Query params:	lang=es
Form params:	<none>
Path params:	<none>
Headers:		Accept=application/json,text/plain,*/*
				Content-Type=text/plain; charset=ISO-8859-1
Cookies:		<none>
Multiparts:		<none>
Body:
{
    "ids": [
        "75091057"
    ]
}
{
    "data": {
        "urls": {
            
        },
        "errors": {
            "NotFound": [
                "75091057"
            ]
        }
    }
}
Response: {
    "data": {
        "urls": {
            
        },
        "errors": {
            "NotFound": [
                "75091057"
            ]
        }
    }
}
status response: 200
Tiempo respuesta: 237
]]></system-out>
  <system-err><![CDATA[]]></system-err>
</testsuite>
